  [1m[35m (0.1ms)[0m  [1m[34mSELECT sqlite_version(*)[0m
  ↳ /Users/asukale/.rbenv/versions/2.6.3/bin/rake:23
  [1m[35m (2.3ms)[0m  [1m[35mCREATE TABLE "schema_migrations" ("version" varchar NOT NULL PRIMARY KEY)[0m
  ↳ /Users/asukale/.rbenv/versions/2.6.3/bin/rake:23
  [1m[35m (1.0ms)[0m  [1m[35mCREATE TABLE "ar_internal_metadata" ("key" varchar NOT NULL PRIMARY KEY, "value" varchar, "created_at" datetime NOT NULL, "updated_at" datetime NOT NULL)[0m
  ↳ /Users/asukale/.rbenv/versions/2.6.3/bin/rake:23
  [1m[35m (0.1ms)[0m  [1m[34mSELECT "schema_migrations"."version" FROM "schema_migrations" ORDER BY "schema_migrations"."version" ASC[0m
  ↳ /Users/asukale/.rbenv/versions/2.6.3/bin/rake:23
Migrating to CreateImages (20200530061138)
  [1m[35m (0.0ms)[0m  [1m[36mbegin transaction[0m
  ↳ /Users/asukale/.rbenv/versions/2.6.3/bin/rake:23
  [1m[35m (0.4ms)[0m  [1m[35mCREATE TABLE "images" ("id" integer PRIMARY KEY AUTOINCREMENT NOT NULL, "title" varchar, "created_at" datetime NOT NULL, "updated_at" datetime NOT NULL)[0m
  ↳ db/migrate/20200530061138_create_images.rb:3
  [1m[36mActiveRecord::SchemaMigration Create (0.2ms)[0m  [1m[32mINSERT INTO "schema_migrations" ("version") VALUES (?)[0m  [["version", "20200530061138"]]
  ↳ /Users/asukale/.rbenv/versions/2.6.3/bin/rake:23
  [1m[35m (0.6ms)[0m  [1m[36mcommit transaction[0m
  ↳ /Users/asukale/.rbenv/versions/2.6.3/bin/rake:23
Migrating to AddAttachmentAvatarToImages (20200530061438)
  [1m[35m (0.0ms)[0m  [1m[36mbegin transaction[0m
  ↳ /Users/asukale/.rbenv/versions/2.6.3/bin/rake:23
  [1m[35m (0.4ms)[0m  [1m[35mALTER TABLE "images" ADD "avatar_file_name" varchar[0m
  ↳ db/migrate/20200530061438_add_attachment_avatar_to_images.rb:4
  [1m[35m (0.1ms)[0m  [1m[35mALTER TABLE "images" ADD "avatar_content_type" varchar[0m
  ↳ db/migrate/20200530061438_add_attachment_avatar_to_images.rb:4
  [1m[35m (0.2ms)[0m  [1m[35mALTER TABLE "images" ADD "avatar_file_size" integer[0m
  ↳ db/migrate/20200530061438_add_attachment_avatar_to_images.rb:4
  [1m[35m (0.1ms)[0m  [1m[35mALTER TABLE "images" ADD "avatar_updated_at" datetime[0m
  ↳ db/migrate/20200530061438_add_attachment_avatar_to_images.rb:4
  [1m[36mActiveRecord::SchemaMigration Create (0.2ms)[0m  [1m[32mINSERT INTO "schema_migrations" ("version") VALUES (?)[0m  [["version", "20200530061438"]]
  ↳ /Users/asukale/.rbenv/versions/2.6.3/bin/rake:23
  [1m[35m (0.8ms)[0m  [1m[36mcommit transaction[0m
  ↳ /Users/asukale/.rbenv/versions/2.6.3/bin/rake:23
  [1m[36mActiveRecord::InternalMetadata Load (0.1ms)[0m  [1m[34mSELECT  "ar_internal_metadata".* FROM "ar_internal_metadata" WHERE "ar_internal_metadata"."key" = ? LIMIT ?[0m  [["key", "environment"], ["LIMIT", 1]]
  ↳ /Users/asukale/.rbenv/versions/2.6.3/bin/rake:23
  [1m[35m (0.0ms)[0m  [1m[36mbegin transaction[0m
  ↳ /Users/asukale/.rbenv/versions/2.6.3/bin/rake:23
  [1m[36mActiveRecord::InternalMetadata Create (0.3ms)[0m  [1m[32mINSERT INTO "ar_internal_metadata" ("key", "value", "created_at", "updated_at") VALUES (?, ?, ?, ?)[0m  [["key", "environment"], ["value", "development"], ["created_at", "2020-05-30 06:17:06.637199"], ["updated_at", "2020-05-30 06:17:06.637199"]]
  ↳ /Users/asukale/.rbenv/versions/2.6.3/bin/rake:23
  [1m[35m (0.7ms)[0m  [1m[36mcommit transaction[0m
  ↳ /Users/asukale/.rbenv/versions/2.6.3/bin/rake:23
  [1m[35m (0.1ms)[0m  [1m[34mSELECT "schema_migrations"."version" FROM "schema_migrations" ORDER BY "schema_migrations"."version" ASC[0m
  ↳ /Users/asukale/.rbenv/versions/2.6.3/bin/rake:23
Started GET "/" for ::1 at 2020-05-30 11:56:38 +0530
  [1m[35m (0.1ms)[0m  [1m[34mSELECT "schema_migrations"."version" FROM "schema_migrations" ORDER BY "schema_migrations"."version" ASC[0m
  ↳ /Users/asukale/.rbenv/versions/2.6.3/lib/ruby/gems/2.6.0/gems/activerecord-5.2.4.3/lib/active_record/log_subscriber.rb:98
Processing by Rails::WelcomeController#index as HTML
  Rendering /Users/asukale/.rbenv/versions/2.6.3/lib/ruby/gems/2.6.0/gems/railties-5.2.4.3/lib/rails/templates/rails/welcome/index.html.erb
  Rendered /Users/asukale/.rbenv/versions/2.6.3/lib/ruby/gems/2.6.0/gems/railties-5.2.4.3/lib/rails/templates/rails/welcome/index.html.erb (3.2ms)
Completed 200 OK in 11ms (Views: 8.9ms | ActiveRecord: 0.0ms)


Started GET "/favicon.ico" for ::1 at 2020-05-30 11:56:38 +0530
  
ActionController::RoutingError (No route matches [GET] "/favicon.ico"):
  
actionpack (5.2.4.3) lib/action_dispatch/middleware/debug_exceptions.rb:65:in `call'
actionpack (5.2.4.3) lib/action_dispatch/middleware/show_exceptions.rb:33:in `call'
railties (5.2.4.3) lib/rails/rack/logger.rb:38:in `call_app'
railties (5.2.4.3) lib/rails/rack/logger.rb:26:in `block in call'
activesupport (5.2.4.3) lib/active_support/tagged_logging.rb:71:in `block in tagged'
activesupport (5.2.4.3) lib/active_support/tagged_logging.rb:28:in `tagged'
activesupport (5.2.4.3) lib/active_support/tagged_logging.rb:71:in `tagged'
railties (5.2.4.3) lib/rails/rack/logger.rb:26:in `call'
actionpack (5.2.4.3) lib/action_dispatch/middleware/remote_ip.rb:81:in `call'
actionpack (5.2.4.3) lib/action_dispatch/middleware/request_id.rb:27:in `call'
rack (2.2.2) lib/rack/runtime.rb:22:in `call'
activesupport (5.2.4.3) lib/active_support/cache/strategy/local_cache_middleware.rb:29:in `call'
actionpack (5.2.4.3) lib/action_dispatch/middleware/executor.rb:14:in `call'
actionpack (5.2.4.3) lib/action_dispatch/middleware/static.rb:127:in `call'
rack (2.2.2) lib/rack/sendfile.rb:110:in `call'
railties (5.2.4.3) lib/rails/engine.rb:524:in `call'
puma (3.12.6) lib/puma/configuration.rb:227:in `call'
puma (3.12.6) lib/puma/server.rb:706:in `handle_request'
puma (3.12.6) lib/puma/server.rb:476:in `process_client'
puma (3.12.6) lib/puma/server.rb:334:in `block in run'
puma (3.12.6) lib/puma/thread_pool.rb:135:in `block in spawn_thread'
Started GET "/images" for ::1 at 2020-05-30 11:56:49 +0530
Processing by ImagesController#index as HTML
  [1m[36mImage Load (0.1ms)[0m  [1m[34mSELECT "images".* FROM "images"[0m
  ↳ app/controllers/images_controller.rb:8
Completed 200 OK in 5ms (Views: 0.9ms | ActiveRecord: 0.3ms)


Started POST "/images" for ::1 at 2020-05-30 12:01:05 +0530
Processing by ImagesController#create as */*
  Parameters: {"image"=>#<ActionDispatch::Http::UploadedFile:0x00007fe54ff8dfb8 @tempfile=#<Tempfile:/var/folders/zk/y2fpkkgs703f34tst8cprkqsybr9tt/T/RackMultipart20200530-37838-1fdd0ab.jpeg>, @original_filename="MyTestImage.jpeg", @content_type="image/jpeg", @headers="Content-Disposition: form-data; name=\"image\"; filename=\"MyTestImage.jpeg\"\r\nContent-Type: image/jpeg\r\n">}
Completed 500 Internal Server Error in 1ms (ActiveRecord: 0.0ms)


  
NoMethodError (undefined method `permit' for #<ActionDispatch::Http::UploadedFile:0x00007fe54ff8dfb8>):
  
app/controllers/images_controller.rb:49:in `image_params'
app/controllers/images_controller.rb:18:in `create'
Started POST "/images" for ::1 at 2020-05-30 12:01:59 +0530
Processing by ImagesController#create as */*
  Parameters: {"images"=>#<ActionDispatch::Http::UploadedFile:0x00007fe551caa880 @tempfile=#<Tempfile:/var/folders/zk/y2fpkkgs703f34tst8cprkqsybr9tt/T/RackMultipart20200530-37838-1hjoice.jpeg>, @original_filename="MyTestImage.jpeg", @content_type="image/jpeg", @headers="Content-Disposition: form-data; name=\"images\"; filename=\"MyTestImage.jpeg\"\r\nContent-Type: image/jpeg\r\n">}
Completed 400 Bad Request in 0ms (ActiveRecord: 0.0ms)


  
ActionController::ParameterMissing (param is missing or the value is empty: image):
  
app/controllers/images_controller.rb:49:in `image_params'
app/controllers/images_controller.rb:18:in `create'
Started POST "/images" for ::1 at 2020-05-30 12:02:25 +0530
Processing by ImagesController#create as */*
  Parameters: {"images"=>#<ActionDispatch::Http::UploadedFile:0x00007fe551259a70 @tempfile=#<Tempfile:/var/folders/zk/y2fpkkgs703f34tst8cprkqsybr9tt/T/RackMultipart20200530-37838-2anwo0.jpeg>, @original_filename="MyTestImage.jpeg", @content_type="image/jpeg", @headers="Content-Disposition: form-data; name=\"images\"; filename=\"MyTestImage.jpeg\"\r\nContent-Type: image/jpeg\r\n">}
Completed 400 Bad Request in 1ms (ActiveRecord: 0.0ms)


  
ActionController::ParameterMissing (param is missing or the value is empty: image):
  
app/controllers/images_controller.rb:49:in `image_params'
app/controllers/images_controller.rb:18:in `create'
Started POST "/images" for ::1 at 2020-05-30 12:02:30 +0530
Processing by ImagesController#create as */*
  Parameters: {"image"=>#<ActionDispatch::Http::UploadedFile:0x00007fe551c0adf8 @tempfile=#<Tempfile:/var/folders/zk/y2fpkkgs703f34tst8cprkqsybr9tt/T/RackMultipart20200530-37838-1ype13f.jpeg>, @original_filename="MyTestImage.jpeg", @content_type="image/jpeg", @headers="Content-Disposition: form-data; name=\"image\"; filename=\"MyTestImage.jpeg\"\r\nContent-Type: image/jpeg\r\n">}
Completed 500 Internal Server Error in 6ms (ActiveRecord: 0.6ms)


  
ArgumentError (When assigning attributes, you must pass a hash as an argument.):
  
app/controllers/images_controller.rb:18:in `create'
Started POST "/images" for ::1 at 2020-05-30 12:03:54 +0530
Processing by ImagesController#create as */*
  Parameters: {"avatar"=>#<ActionDispatch::Http::UploadedFile:0x00007fe551376480 @tempfile=#<Tempfile:/var/folders/zk/y2fpkkgs703f34tst8cprkqsybr9tt/T/RackMultipart20200530-37838-1ipue8.jpeg>, @original_filename="MyTestImage.jpeg", @content_type="image/jpeg", @headers="Content-Disposition: form-data; name=\"avatar\"; filename=\"MyTestImage.jpeg\"\r\nContent-Type: image/jpeg\r\n">}
Completed 400 Bad Request in 1ms (ActiveRecord: 0.0ms)


  
ActionController::ParameterMissing (param is missing or the value is empty: image):
  
app/controllers/images_controller.rb:49:in `image_params'
app/controllers/images_controller.rb:18:in `create'
Started POST "/images" for ::1 at 2020-05-30 12:04:18 +0530
Processing by ImagesController#create as */*
  Parameters: {"image"=>#<ActionDispatch::Http::UploadedFile:0x00007fe551a4ce58 @tempfile=#<Tempfile:/var/folders/zk/y2fpkkgs703f34tst8cprkqsybr9tt/T/RackMultipart20200530-37838-hnsl74.jpeg>, @original_filename="MyTestImage.jpeg", @content_type="image/jpeg", @headers="Content-Disposition: form-data; name=\"image\"; filename=\"MyTestImage.jpeg\"\r\nContent-Type: image/jpeg\r\n">}
Completed 500 Internal Server Error in 1ms (ActiveRecord: 0.0ms)


  
NoMethodError (undefined method `permit' for #<ActionDispatch::Http::UploadedFile:0x00007fe551a4ce58>):
  
app/controllers/images_controller.rb:49:in `image_params'
app/controllers/images_controller.rb:18:in `create'
Started POST "/images" for ::1 at 2020-05-30 12:05:02 +0530
Processing by ImagesController#create as */*
  Parameters: {"image"=>#<ActionDispatch::Http::UploadedFile:0x00007fe54f4105c8 @tempfile=#<Tempfile:/var/folders/zk/y2fpkkgs703f34tst8cprkqsybr9tt/T/RackMultipart20200530-37838-1nz7gjh.jpeg>, @original_filename="MyTestImage.jpeg", @content_type="image/jpeg", @headers="Content-Disposition: form-data; name=\"image\"; filename=\"MyTestImage.jpeg\"\r\nContent-Type: image/jpeg\r\n">}
Completed 500 Internal Server Error in 146051ms (ActiveRecord: 0.6ms)


  
SystemExit (exit):
  
(byebug):1:in `exit'
(byebug):1:in `create'
app/controllers/images_controller.rb:19:in `create'
Started POST "/images" for ::1 at 2020-05-30 12:07:57 +0530
Processing by ImagesController#create as */*
  Parameters: {"avatar"=>#<ActionDispatch::Http::UploadedFile:0x00007fe5512f8aa8 @tempfile=#<Tempfile:/var/folders/zk/y2fpkkgs703f34tst8cprkqsybr9tt/T/RackMultipart20200530-37838-v0ozlb.jpeg>, @original_filename="MyTestImage.jpeg", @content_type="image/jpeg", @headers="Content-Disposition: form-data; name=\"avatar\"; filename=\"MyTestImage.jpeg\"\r\nContent-Type: image/jpeg\r\n">}
Completed 500 Internal Server Error in 8598ms (ActiveRecord: 0.7ms)


  
SystemExit (exit):
  
(byebug):1:in `exit'
(byebug):1:in `create'
app/controllers/images_controller.rb:19:in `create'
  [1m[35m (0.1ms)[0m  [1m[34mSELECT "schema_migrations"."version" FROM "schema_migrations" ORDER BY "schema_migrations"."version" ASC[0m
  ↳ /Users/asukale/.rbenv/versions/2.6.3/bin/rake:23
  [1m[35m (0.1ms)[0m  [1m[34mSELECT "ar_internal_metadata"."value" FROM "ar_internal_metadata" WHERE "ar_internal_metadata"."key" = ?[0m  [["key", "environment"]]
  ↳ /Users/asukale/.rbenv/versions/2.6.3/bin/rake:23
  [1m[35m (0.1ms)[0m  [1m[34mSELECT "schema_migrations"."version" FROM "schema_migrations" ORDER BY "schema_migrations"."version" ASC[0m
  ↳ /Users/asukale/.rbenv/versions/2.6.3/bin/rake:23
  [1m[35m (0.1ms)[0m  [1m[34mSELECT "ar_internal_metadata"."value" FROM "ar_internal_metadata" WHERE "ar_internal_metadata"."key" = ?[0m  [["key", "environment"]]
  ↳ /Users/asukale/.rbenv/versions/2.6.3/bin/rake:23
  [1m[35m (0.1ms)[0m  [1m[34mSELECT "schema_migrations"."version" FROM "schema_migrations" ORDER BY "schema_migrations"."version" ASC[0m
  ↳ /Users/asukale/.rbenv/versions/2.6.3/bin/rake:23
  [1m[35m (0.1ms)[0m  [1m[34mSELECT "ar_internal_metadata"."value" FROM "ar_internal_metadata" WHERE "ar_internal_metadata"."key" = ?[0m  [["key", "environment"]]
  ↳ /Users/asukale/.rbenv/versions/2.6.3/bin/rake:23
  [1m[35m (0.1ms)[0m  [1m[34mSELECT sqlite_version(*)[0m
  ↳ /Users/asukale/.rbenv/versions/2.6.3/bin/rake:23
  [1m[35m (1.2ms)[0m  [1m[35mCREATE TABLE "schema_migrations" ("version" varchar NOT NULL PRIMARY KEY)[0m
  ↳ /Users/asukale/.rbenv/versions/2.6.3/bin/rake:23
  [1m[35m (1.0ms)[0m  [1m[35mCREATE TABLE "ar_internal_metadata" ("key" varchar NOT NULL PRIMARY KEY, "value" varchar, "created_at" datetime NOT NULL, "updated_at" datetime NOT NULL)[0m
  ↳ /Users/asukale/.rbenv/versions/2.6.3/bin/rake:23
  [1m[35m (0.1ms)[0m  [1m[34mSELECT "schema_migrations"."version" FROM "schema_migrations" ORDER BY "schema_migrations"."version" ASC[0m
  ↳ /Users/asukale/.rbenv/versions/2.6.3/bin/rake:23
Migrating to CreateImages (20200530061138)
  [1m[35m (0.1ms)[0m  [1m[36mbegin transaction[0m
  ↳ /Users/asukale/.rbenv/versions/2.6.3/bin/rake:23
  [1m[35m (0.7ms)[0m  [1m[35mCREATE TABLE "images" ("id" integer PRIMARY KEY AUTOINCREMENT NOT NULL, "created_at" datetime NOT NULL, "updated_at" datetime NOT NULL)[0m
  ↳ db/migrate/20200530061138_create_images.rb:3
  [1m[36mActiveRecord::SchemaMigration Create (0.3ms)[0m  [1m[32mINSERT INTO "schema_migrations" ("version") VALUES (?)[0m  [["version", "20200530061138"]]
  ↳ /Users/asukale/.rbenv/versions/2.6.3/bin/rake:23
  [1m[35m (0.8ms)[0m  [1m[36mcommit transaction[0m
  ↳ /Users/asukale/.rbenv/versions/2.6.3/bin/rake:23
Migrating to AddAttachmentAvatarToImages (20200530061438)
  [1m[35m (0.0ms)[0m  [1m[36mbegin transaction[0m
  ↳ /Users/asukale/.rbenv/versions/2.6.3/bin/rake:23
  [1m[35m (0.5ms)[0m  [1m[35mALTER TABLE "images" ADD "avatar_file_name" varchar[0m
  ↳ db/migrate/20200530061438_add_attachment_avatar_to_images.rb:4
  [1m[35m (0.2ms)[0m  [1m[35mALTER TABLE "images" ADD "avatar_content_type" varchar[0m
  ↳ db/migrate/20200530061438_add_attachment_avatar_to_images.rb:4
  [1m[35m (0.2ms)[0m  [1m[35mALTER TABLE "images" ADD "avatar_file_size" integer[0m
  ↳ db/migrate/20200530061438_add_attachment_avatar_to_images.rb:4
  [1m[35m (0.2ms)[0m  [1m[35mALTER TABLE "images" ADD "avatar_updated_at" datetime[0m
  ↳ db/migrate/20200530061438_add_attachment_avatar_to_images.rb:4
  [1m[36mActiveRecord::SchemaMigration Create (0.2ms)[0m  [1m[32mINSERT INTO "schema_migrations" ("version") VALUES (?)[0m  [["version", "20200530061438"]]
  ↳ /Users/asukale/.rbenv/versions/2.6.3/bin/rake:23
  [1m[35m (0.8ms)[0m  [1m[36mcommit transaction[0m
  ↳ /Users/asukale/.rbenv/versions/2.6.3/bin/rake:23
  [1m[36mActiveRecord::InternalMetadata Load (0.1ms)[0m  [1m[34mSELECT  "ar_internal_metadata".* FROM "ar_internal_metadata" WHERE "ar_internal_metadata"."key" = ? LIMIT ?[0m  [["key", "environment"], ["LIMIT", 1]]
  ↳ /Users/asukale/.rbenv/versions/2.6.3/bin/rake:23
  [1m[35m (0.1ms)[0m  [1m[36mbegin transaction[0m
  ↳ /Users/asukale/.rbenv/versions/2.6.3/bin/rake:23
  [1m[36mActiveRecord::InternalMetadata Create (0.4ms)[0m  [1m[32mINSERT INTO "ar_internal_metadata" ("key", "value", "created_at", "updated_at") VALUES (?, ?, ?, ?)[0m  [["key", "environment"], ["value", "development"], ["created_at", "2020-05-30 06:38:59.573550"], ["updated_at", "2020-05-30 06:38:59.573550"]]
  ↳ /Users/asukale/.rbenv/versions/2.6.3/bin/rake:23
  [1m[35m (0.8ms)[0m  [1m[36mcommit transaction[0m
  ↳ /Users/asukale/.rbenv/versions/2.6.3/bin/rake:23
  [1m[35m (0.1ms)[0m  [1m[34mSELECT "schema_migrations"."version" FROM "schema_migrations" ORDER BY "schema_migrations"."version" ASC[0m
  ↳ /Users/asukale/.rbenv/versions/2.6.3/bin/rake:23
Started POST "/images" for ::1 at 2020-05-30 12:09:20 +0530
  [1m[35m (0.1ms)[0m  [1m[34mSELECT "schema_migrations"."version" FROM "schema_migrations" ORDER BY "schema_migrations"."version" ASC[0m
  ↳ /Users/asukale/.rbenv/versions/2.6.3/lib/ruby/gems/2.6.0/gems/activerecord-5.2.4.3/lib/active_record/log_subscriber.rb:98
Processing by ImagesController#create as */*
  Parameters: {"avatar"=>#<ActionDispatch::Http::UploadedFile:0x00007f81c0357340 @tempfile=#<Tempfile:/var/folders/zk/y2fpkkgs703f34tst8cprkqsybr9tt/T/RackMultipart20200530-40896-6paxjx.jpeg>, @original_filename="MyTestImage.jpeg", @content_type="image/jpeg", @headers="Content-Disposition: form-data; name=\"avatar\"; filename=\"MyTestImage.jpeg\"\r\nContent-Type: image/jpeg\r\n">}
[paperclip] Trying to link /var/folders/zk/y2fpkkgs703f34tst8cprkqsybr9tt/T/RackMultipart20200530-40896-6paxjx.jpeg to /var/folders/zk/y2fpkkgs703f34tst8cprkqsybr9tt/T/7f988dca3bfe51bf58c58c2bd11c96d720200530-40896-tn8pbq.jpeg
[paperclip] Trying to link /var/folders/zk/y2fpkkgs703f34tst8cprkqsybr9tt/T/7f988dca3bfe51bf58c58c2bd11c96d720200530-40896-tn8pbq.jpeg to /var/folders/zk/y2fpkkgs703f34tst8cprkqsybr9tt/T/7f988dca3bfe51bf58c58c2bd11c96d720200530-40896-17ri1yt.jpeg
Command :: file -b --mime '/var/folders/zk/y2fpkkgs703f34tst8cprkqsybr9tt/T/7f988dca3bfe51bf58c58c2bd11c96d720200530-40896-17ri1yt.jpeg'
Command :: identify -format '%wx%h,%[exif:orientation]' '/var/folders/zk/y2fpkkgs703f34tst8cprkqsybr9tt/T/7f988dca3bfe51bf58c58c2bd11c96d720200530-40896-tn8pbq.jpeg[0]' 2>/dev/null
Completed 500 Internal Server Error in 276649ms (ActiveRecord: 0.9ms)


  
SystemExit (exit):
  
(byebug):1:in `exit'
(byebug):1:in `create'
app/controllers/images_controller.rb:19:in `create'
Started POST "/images" for ::1 at 2020-05-30 12:55:51 +0530
  [1m[35m (0.3ms)[0m  [1m[34mSELECT "schema_migrations"."version" FROM "schema_migrations" ORDER BY "schema_migrations"."version" ASC[0m
  ↳ /Users/asukale/.rbenv/versions/2.6.3/lib/ruby/gems/2.6.0/gems/activerecord-5.2.4.3/lib/active_record/log_subscriber.rb:98
Processing by ImagesController#create as */*
  Parameters: {"avatar"=>#<ActionDispatch::Http::UploadedFile:0x00007fc1532bd6a0 @tempfile=#<Tempfile:/var/folders/zk/y2fpkkgs703f34tst8cprkqsybr9tt/T/RackMultipart20200530-66896-1ftvxg9.jpeg>, @original_filename="MyTestImage.jpeg", @content_type="image/jpeg", @headers="Content-Disposition: form-data; name=\"avatar\"; filename=\"MyTestImage.jpeg\"\r\nContent-Type: image/jpeg\r\n">}
[paperclip] Trying to link /var/folders/zk/y2fpkkgs703f34tst8cprkqsybr9tt/T/RackMultipart20200530-66896-1ftvxg9.jpeg to /var/folders/zk/y2fpkkgs703f34tst8cprkqsybr9tt/T/7f988dca3bfe51bf58c58c2bd11c96d720200530-66896-bu7qb4.jpeg
[paperclip] Trying to link /var/folders/zk/y2fpkkgs703f34tst8cprkqsybr9tt/T/7f988dca3bfe51bf58c58c2bd11c96d720200530-66896-bu7qb4.jpeg to /var/folders/zk/y2fpkkgs703f34tst8cprkqsybr9tt/T/7f988dca3bfe51bf58c58c2bd11c96d720200530-66896-qxbqih.jpeg
Command :: PATH=/usr/local/bin/:$PATH; file -b --mime '/var/folders/zk/y2fpkkgs703f34tst8cprkqsybr9tt/T/7f988dca3bfe51bf58c58c2bd11c96d720200530-66896-qxbqih.jpeg'
Command :: PATH=/usr/local/bin/:$PATH; identify -format '%wx%h,%[exif:orientation]' '/var/folders/zk/y2fpkkgs703f34tst8cprkqsybr9tt/T/7f988dca3bfe51bf58c58c2bd11c96d720200530-66896-bu7qb4.jpeg[0]' 2>/dev/null
Command :: PATH=/usr/local/bin/:$PATH; identify -format %m '/var/folders/zk/y2fpkkgs703f34tst8cprkqsybr9tt/T/7f988dca3bfe51bf58c58c2bd11c96d720200530-66896-bu7qb4.jpeg[0]'
Command :: PATH=/usr/local/bin/:$PATH; convert '/var/folders/zk/y2fpkkgs703f34tst8cprkqsybr9tt/T/7f988dca3bfe51bf58c58c2bd11c96d720200530-66896-bu7qb4.jpeg[0]' -auto-orient -resize "300x300>" '/var/folders/zk/y2fpkkgs703f34tst8cprkqsybr9tt/T/26ca121f5fc8517f957ab638dae51e8e20200530-66896-d8ejfc'
[paperclip] Trying to link /var/folders/zk/y2fpkkgs703f34tst8cprkqsybr9tt/T/26ca121f5fc8517f957ab638dae51e8e20200530-66896-d8ejfc to /var/folders/zk/y2fpkkgs703f34tst8cprkqsybr9tt/T/456f946123dbdbaa86765222f333568a20200530-66896-1x9i6w4
Command :: PATH=/usr/local/bin/:$PATH; identify -format '%wx%h,%[exif:orientation]' '/var/folders/zk/y2fpkkgs703f34tst8cprkqsybr9tt/T/7f988dca3bfe51bf58c58c2bd11c96d720200530-66896-bu7qb4.jpeg[0]' 2>/dev/null
Command :: PATH=/usr/local/bin/:$PATH; identify -format %m '/var/folders/zk/y2fpkkgs703f34tst8cprkqsybr9tt/T/7f988dca3bfe51bf58c58c2bd11c96d720200530-66896-bu7qb4.jpeg[0]'
Command :: PATH=/usr/local/bin/:$PATH; convert '/var/folders/zk/y2fpkkgs703f34tst8cprkqsybr9tt/T/7f988dca3bfe51bf58c58c2bd11c96d720200530-66896-bu7qb4.jpeg[0]' -auto-orient -resize "100x100>" '/var/folders/zk/y2fpkkgs703f34tst8cprkqsybr9tt/T/26ca121f5fc8517f957ab638dae51e8e20200530-66896-1keg5zp'
[paperclip] Trying to link /var/folders/zk/y2fpkkgs703f34tst8cprkqsybr9tt/T/26ca121f5fc8517f957ab638dae51e8e20200530-66896-1keg5zp to /var/folders/zk/y2fpkkgs703f34tst8cprkqsybr9tt/T/f9a1941a2ac5d6dfd3184ae2fe915c8a20200530-66896-1kdt9nd
Completed 500 Internal Server Error in 28713ms (ActiveRecord: 0.9ms)


  
SystemExit (exit):
  
(byebug):1:in `exit'
(byebug):1:in `create'
app/controllers/images_controller.rb:19:in `create'
Started POST "/images" for ::1 at 2020-05-30 12:57:43 +0530
Processing by ImagesController#create as */*
  Parameters: {"images"=>#<ActionDispatch::Http::UploadedFile:0x00007fc15b89ee68 @tempfile=#<Tempfile:/var/folders/zk/y2fpkkgs703f34tst8cprkqsybr9tt/T/RackMultipart20200530-66896-1dxcilo.jpeg>, @original_filename="MyTestImage.jpeg", @content_type="image/jpeg", @headers="Content-Disposition: form-data; name=\"images\"; filename=\"MyTestImage.jpeg\"\r\nContent-Type: image/jpeg\r\n">}
[paperclip] Trying to link /var/folders/zk/y2fpkkgs703f34tst8cprkqsybr9tt/T/RackMultipart20200530-66896-1dxcilo.jpeg to /var/folders/zk/y2fpkkgs703f34tst8cprkqsybr9tt/T/7f988dca3bfe51bf58c58c2bd11c96d720200530-66896-1io84ta.jpeg
[paperclip] Trying to link /var/folders/zk/y2fpkkgs703f34tst8cprkqsybr9tt/T/7f988dca3bfe51bf58c58c2bd11c96d720200530-66896-1io84ta.jpeg to /var/folders/zk/y2fpkkgs703f34tst8cprkqsybr9tt/T/7f988dca3bfe51bf58c58c2bd11c96d720200530-66896-63wr34.jpeg
Command :: PATH=/usr/local/bin/:$PATH; file -b --mime '/var/folders/zk/y2fpkkgs703f34tst8cprkqsybr9tt/T/7f988dca3bfe51bf58c58c2bd11c96d720200530-66896-63wr34.jpeg'
Command :: PATH=/usr/local/bin/:$PATH; identify -format '%wx%h,%[exif:orientation]' '/var/folders/zk/y2fpkkgs703f34tst8cprkqsybr9tt/T/7f988dca3bfe51bf58c58c2bd11c96d720200530-66896-1io84ta.jpeg[0]' 2>/dev/null
Command :: PATH=/usr/local/bin/:$PATH; identify -format %m '/var/folders/zk/y2fpkkgs703f34tst8cprkqsybr9tt/T/7f988dca3bfe51bf58c58c2bd11c96d720200530-66896-1io84ta.jpeg[0]'
Command :: PATH=/usr/local/bin/:$PATH; convert '/var/folders/zk/y2fpkkgs703f34tst8cprkqsybr9tt/T/7f988dca3bfe51bf58c58c2bd11c96d720200530-66896-1io84ta.jpeg[0]' -auto-orient -resize "300x300>" '/var/folders/zk/y2fpkkgs703f34tst8cprkqsybr9tt/T/05bb8d8a48a1a7b14a97b803e797644e20200530-66896-1rkwg3u'
[paperclip] Trying to link /var/folders/zk/y2fpkkgs703f34tst8cprkqsybr9tt/T/05bb8d8a48a1a7b14a97b803e797644e20200530-66896-1rkwg3u to /var/folders/zk/y2fpkkgs703f34tst8cprkqsybr9tt/T/5f1e23ac0438672ac19ca0ae32c1d5fc20200530-66896-whs2h1
Command :: PATH=/usr/local/bin/:$PATH; identify -format '%wx%h,%[exif:orientation]' '/var/folders/zk/y2fpkkgs703f34tst8cprkqsybr9tt/T/7f988dca3bfe51bf58c58c2bd11c96d720200530-66896-1io84ta.jpeg[0]' 2>/dev/null
Command :: PATH=/usr/local/bin/:$PATH; identify -format %m '/var/folders/zk/y2fpkkgs703f34tst8cprkqsybr9tt/T/7f988dca3bfe51bf58c58c2bd11c96d720200530-66896-1io84ta.jpeg[0]'
Command :: PATH=/usr/local/bin/:$PATH; convert '/var/folders/zk/y2fpkkgs703f34tst8cprkqsybr9tt/T/7f988dca3bfe51bf58c58c2bd11c96d720200530-66896-1io84ta.jpeg[0]' -auto-orient -resize "100x100>" '/var/folders/zk/y2fpkkgs703f34tst8cprkqsybr9tt/T/05bb8d8a48a1a7b14a97b803e797644e20200530-66896-1jcm20l'
[paperclip] Trying to link /var/folders/zk/y2fpkkgs703f34tst8cprkqsybr9tt/T/05bb8d8a48a1a7b14a97b803e797644e20200530-66896-1jcm20l to /var/folders/zk/y2fpkkgs703f34tst8cprkqsybr9tt/T/3ee7a34392bf51d5a5ce5ab5f839510c20200530-66896-1vmzkmg
  [1m[35m (0.4ms)[0m  [1m[36mbegin transaction[0m
  ↳ app/controllers/images_controller.rb:20
[paperclip] Trying to link /var/folders/zk/y2fpkkgs703f34tst8cprkqsybr9tt/T/7f988dca3bfe51bf58c58c2bd11c96d720200530-66896-1io84ta.jpeg to /var/folders/zk/y2fpkkgs703f34tst8cprkqsybr9tt/T/7f988dca3bfe51bf58c58c2bd11c96d720200530-66896-7jcbjl.jpeg
Command :: PATH=/usr/local/bin/:$PATH; file -b --mime '/var/folders/zk/y2fpkkgs703f34tst8cprkqsybr9tt/T/7f988dca3bfe51bf58c58c2bd11c96d720200530-66896-7jcbjl.jpeg'
  [1m[36mImage Create (3.3ms)[0m  [1m[32mINSERT INTO "images" ("created_at", "updated_at", "avatar_file_name", "avatar_content_type", "avatar_file_size", "avatar_updated_at") VALUES (?, ?, ?, ?, ?, ?)[0m  [["created_at", "2020-05-30 07:27:44.014020"], ["updated_at", "2020-05-30 07:27:44.014020"], ["avatar_file_name", "MyTestImage.jpeg"], ["avatar_content_type", "image/jpeg"], ["avatar_file_size", 27810], ["avatar_updated_at", "2020-05-30 07:27:43.788005"]]
  ↳ app/controllers/images_controller.rb:20
  [1m[35m (3.5ms)[0m  [1m[36mcommit transaction[0m
  ↳ app/controllers/images_controller.rb:20
Completed 201 Created in 471ms (Views: 15.4ms | ActiveRecord: 11.5ms)


Started POST "/images" for ::1 at 2020-05-30 12:57:46 +0530
Processing by ImagesController#create as */*
  Parameters: {"images"=>#<ActionDispatch::Http::UploadedFile:0x00007fc155eb7670 @tempfile=#<Tempfile:/var/folders/zk/y2fpkkgs703f34tst8cprkqsybr9tt/T/RackMultipart20200530-66896-cv2xcp.jpeg>, @original_filename="MyTestImage.jpeg", @content_type="image/jpeg", @headers="Content-Disposition: form-data; name=\"images\"; filename=\"MyTestImage.jpeg\"\r\nContent-Type: image/jpeg\r\n">}
[paperclip] Trying to link /var/folders/zk/y2fpkkgs703f34tst8cprkqsybr9tt/T/RackMultipart20200530-66896-cv2xcp.jpeg to /var/folders/zk/y2fpkkgs703f34tst8cprkqsybr9tt/T/7f988dca3bfe51bf58c58c2bd11c96d720200530-66896-1380lpc.jpeg
[paperclip] Trying to link /var/folders/zk/y2fpkkgs703f34tst8cprkqsybr9tt/T/7f988dca3bfe51bf58c58c2bd11c96d720200530-66896-1380lpc.jpeg to /var/folders/zk/y2fpkkgs703f34tst8cprkqsybr9tt/T/7f988dca3bfe51bf58c58c2bd11c96d720200530-66896-v8xro0.jpeg
Command :: PATH=/usr/local/bin/:$PATH; file -b --mime '/var/folders/zk/y2fpkkgs703f34tst8cprkqsybr9tt/T/7f988dca3bfe51bf58c58c2bd11c96d720200530-66896-v8xro0.jpeg'
Command :: PATH=/usr/local/bin/:$PATH; identify -format '%wx%h,%[exif:orientation]' '/var/folders/zk/y2fpkkgs703f34tst8cprkqsybr9tt/T/7f988dca3bfe51bf58c58c2bd11c96d720200530-66896-1380lpc.jpeg[0]' 2>/dev/null
Command :: PATH=/usr/local/bin/:$PATH; identify -format %m '/var/folders/zk/y2fpkkgs703f34tst8cprkqsybr9tt/T/7f988dca3bfe51bf58c58c2bd11c96d720200530-66896-1380lpc.jpeg[0]'
Command :: PATH=/usr/local/bin/:$PATH; convert '/var/folders/zk/y2fpkkgs703f34tst8cprkqsybr9tt/T/7f988dca3bfe51bf58c58c2bd11c96d720200530-66896-1380lpc.jpeg[0]' -auto-orient -resize "300x300>" '/var/folders/zk/y2fpkkgs703f34tst8cprkqsybr9tt/T/18d3f83b1bb9cc470fc013c86102e46f20200530-66896-amn19b'
[paperclip] Trying to link /var/folders/zk/y2fpkkgs703f34tst8cprkqsybr9tt/T/18d3f83b1bb9cc470fc013c86102e46f20200530-66896-amn19b to /var/folders/zk/y2fpkkgs703f34tst8cprkqsybr9tt/T/32b6317ab55c92b8225c4c9c790799a220200530-66896-13ilu5z
Command :: PATH=/usr/local/bin/:$PATH; identify -format '%wx%h,%[exif:orientation]' '/var/folders/zk/y2fpkkgs703f34tst8cprkqsybr9tt/T/7f988dca3bfe51bf58c58c2bd11c96d720200530-66896-1380lpc.jpeg[0]' 2>/dev/null
Command :: PATH=/usr/local/bin/:$PATH; identify -format %m '/var/folders/zk/y2fpkkgs703f34tst8cprkqsybr9tt/T/7f988dca3bfe51bf58c58c2bd11c96d720200530-66896-1380lpc.jpeg[0]'
Command :: PATH=/usr/local/bin/:$PATH; convert '/var/folders/zk/y2fpkkgs703f34tst8cprkqsybr9tt/T/7f988dca3bfe51bf58c58c2bd11c96d720200530-66896-1380lpc.jpeg[0]' -auto-orient -resize "100x100>" '/var/folders/zk/y2fpkkgs703f34tst8cprkqsybr9tt/T/18d3f83b1bb9cc470fc013c86102e46f20200530-66896-1p42crf'
[paperclip] Trying to link /var/folders/zk/y2fpkkgs703f34tst8cprkqsybr9tt/T/18d3f83b1bb9cc470fc013c86102e46f20200530-66896-1p42crf to /var/folders/zk/y2fpkkgs703f34tst8cprkqsybr9tt/T/75a07cddee610ecccf55746e82dd7f9520200530-66896-i632i2
  [1m[35m (6.2ms)[0m  [1m[36mbegin transaction[0m
  ↳ app/controllers/images_controller.rb:20
[paperclip] Trying to link /var/folders/zk/y2fpkkgs703f34tst8cprkqsybr9tt/T/7f988dca3bfe51bf58c58c2bd11c96d720200530-66896-1380lpc.jpeg to /var/folders/zk/y2fpkkgs703f34tst8cprkqsybr9tt/T/7f988dca3bfe51bf58c58c2bd11c96d720200530-66896-kzby1v.jpeg
Command :: PATH=/usr/local/bin/:$PATH; file -b --mime '/var/folders/zk/y2fpkkgs703f34tst8cprkqsybr9tt/T/7f988dca3bfe51bf58c58c2bd11c96d720200530-66896-kzby1v.jpeg'
  [1m[36mImage Create (1.5ms)[0m  [1m[32mINSERT INTO "images" ("created_at", "updated_at", "avatar_file_name", "avatar_content_type", "avatar_file_size", "avatar_updated_at") VALUES (?, ?, ?, ?, ?, ?)[0m  [["created_at", "2020-05-30 07:27:47.097076"], ["updated_at", "2020-05-30 07:27:47.097076"], ["avatar_file_name", "MyTestImage.jpeg"], ["avatar_content_type", "image/jpeg"], ["avatar_file_size", 27810], ["avatar_updated_at", "2020-05-30 07:27:46.885167"]]
  ↳ app/controllers/images_controller.rb:20
  [1m[35m (1.4ms)[0m  [1m[36mcommit transaction[0m
  ↳ app/controllers/images_controller.rb:20
Completed 201 Created in 371ms (Views: 13.1ms | ActiveRecord: 9.0ms)


Started GET "/images" for ::1 at 2020-05-30 12:57:54 +0530
Processing by ImagesController#index as */*
  Parameters: {"images"=>#<ActionDispatch::Http::UploadedFile:0x00007fc15b818d68 @tempfile=#<Tempfile:/var/folders/zk/y2fpkkgs703f34tst8cprkqsybr9tt/T/RackMultipart20200530-66896-186hgq4.jpeg>, @original_filename="MyTestImage.jpeg", @content_type="image/jpeg", @headers="Content-Disposition: form-data; name=\"images\"; filename=\"MyTestImage.jpeg\"\r\nContent-Type: image/jpeg\r\n">}
  [1m[36mImage Load (1.2ms)[0m  [1m[34mSELECT "images".* FROM "images"[0m
  ↳ app/controllers/images_controller.rb:8
Completed 200 OK in 38ms (Views: 34.6ms | ActiveRecord: 1.2ms)


Started POST "/images" for ::1 at 2020-05-30 12:59:22 +0530
Processing by ImagesController#create as */*
  Parameters: {"images"=>#<ActionDispatch::Http::UploadedFile:0x00007fc153330da8 @tempfile=#<Tempfile:/var/folders/zk/y2fpkkgs703f34tst8cprkqsybr9tt/T/RackMultipart20200530-66896-zybtd6.jpeg>, @original_filename="MyTestImage.jpeg", @content_type="image/jpeg", @headers="Content-Disposition: form-data; name=\"images\"; filename=\"MyTestImage.jpeg\"\r\nContent-Type: image/jpeg\r\n">}
[paperclip] Trying to link /var/folders/zk/y2fpkkgs703f34tst8cprkqsybr9tt/T/RackMultipart20200530-66896-zybtd6.jpeg to /var/folders/zk/y2fpkkgs703f34tst8cprkqsybr9tt/T/7f988dca3bfe51bf58c58c2bd11c96d720200530-66896-1nwzcpd.jpeg
[paperclip] Trying to link /var/folders/zk/y2fpkkgs703f34tst8cprkqsybr9tt/T/7f988dca3bfe51bf58c58c2bd11c96d720200530-66896-1nwzcpd.jpeg to /var/folders/zk/y2fpkkgs703f34tst8cprkqsybr9tt/T/7f988dca3bfe51bf58c58c2bd11c96d720200530-66896-1ptt015.jpeg
Command :: PATH=/usr/local/bin/:$PATH; file -b --mime '/var/folders/zk/y2fpkkgs703f34tst8cprkqsybr9tt/T/7f988dca3bfe51bf58c58c2bd11c96d720200530-66896-1ptt015.jpeg'
Command :: PATH=/usr/local/bin/:$PATH; identify -format '%wx%h,%[exif:orientation]' '/var/folders/zk/y2fpkkgs703f34tst8cprkqsybr9tt/T/7f988dca3bfe51bf58c58c2bd11c96d720200530-66896-1nwzcpd.jpeg[0]' 2>/dev/null
Command :: PATH=/usr/local/bin/:$PATH; identify -format %m '/var/folders/zk/y2fpkkgs703f34tst8cprkqsybr9tt/T/7f988dca3bfe51bf58c58c2bd11c96d720200530-66896-1nwzcpd.jpeg[0]'
Command :: PATH=/usr/local/bin/:$PATH; convert '/var/folders/zk/y2fpkkgs703f34tst8cprkqsybr9tt/T/7f988dca3bfe51bf58c58c2bd11c96d720200530-66896-1nwzcpd.jpeg[0]' -auto-orient -resize "300x300>" '/var/folders/zk/y2fpkkgs703f34tst8cprkqsybr9tt/T/792c61c36bbe009319ca4dd1558451a720200530-66896-aprfoo'
[paperclip] Trying to link /var/folders/zk/y2fpkkgs703f34tst8cprkqsybr9tt/T/792c61c36bbe009319ca4dd1558451a720200530-66896-aprfoo to /var/folders/zk/y2fpkkgs703f34tst8cprkqsybr9tt/T/3775fbded40b9c57df9d1ed724807dd020200530-66896-163h171
Command :: PATH=/usr/local/bin/:$PATH; identify -format '%wx%h,%[exif:orientation]' '/var/folders/zk/y2fpkkgs703f34tst8cprkqsybr9tt/T/7f988dca3bfe51bf58c58c2bd11c96d720200530-66896-1nwzcpd.jpeg[0]' 2>/dev/null
Command :: PATH=/usr/local/bin/:$PATH; identify -format %m '/var/folders/zk/y2fpkkgs703f34tst8cprkqsybr9tt/T/7f988dca3bfe51bf58c58c2bd11c96d720200530-66896-1nwzcpd.jpeg[0]'
Command :: PATH=/usr/local/bin/:$PATH; convert '/var/folders/zk/y2fpkkgs703f34tst8cprkqsybr9tt/T/7f988dca3bfe51bf58c58c2bd11c96d720200530-66896-1nwzcpd.jpeg[0]' -auto-orient -resize "100x100>" '/var/folders/zk/y2fpkkgs703f34tst8cprkqsybr9tt/T/792c61c36bbe009319ca4dd1558451a720200530-66896-9da0qj'
[paperclip] Trying to link /var/folders/zk/y2fpkkgs703f34tst8cprkqsybr9tt/T/792c61c36bbe009319ca4dd1558451a720200530-66896-9da0qj to /var/folders/zk/y2fpkkgs703f34tst8cprkqsybr9tt/T/ca1d1573d264bfe42a5ada6a93ab324320200530-66896-pgfnq9
  [1m[35m (0.5ms)[0m  [1m[36mbegin transaction[0m
  ↳ app/controllers/images_controller.rb:20
[paperclip] Trying to link /var/folders/zk/y2fpkkgs703f34tst8cprkqsybr9tt/T/7f988dca3bfe51bf58c58c2bd11c96d720200530-66896-1nwzcpd.jpeg to /var/folders/zk/y2fpkkgs703f34tst8cprkqsybr9tt/T/7f988dca3bfe51bf58c58c2bd11c96d720200530-66896-1jpmw27.jpeg
Command :: PATH=/usr/local/bin/:$PATH; file -b --mime '/var/folders/zk/y2fpkkgs703f34tst8cprkqsybr9tt/T/7f988dca3bfe51bf58c58c2bd11c96d720200530-66896-1jpmw27.jpeg'
  [1m[36mImage Create (1.4ms)[0m  [1m[32mINSERT INTO "images" ("created_at", "updated_at", "avatar_file_name", "avatar_content_type", "avatar_file_size", "avatar_updated_at") VALUES (?, ?, ?, ?, ?, ?)[0m  [["created_at", "2020-05-30 07:29:22.919401"], ["updated_at", "2020-05-30 07:29:22.919401"], ["avatar_file_name", "MyTestImage.jpeg"], ["avatar_content_type", "image/jpeg"], ["avatar_file_size", 27810], ["avatar_updated_at", "2020-05-30 07:29:22.695412"]]
  ↳ app/controllers/images_controller.rb:20
  [1m[35m (1.2ms)[0m  [1m[36mcommit transaction[0m
  ↳ app/controllers/images_controller.rb:20
Completed 201 Created in 325ms (Views: 11.2ms | ActiveRecord: 3.1ms)


  [1m[35m (0.4ms)[0m  [1m[34mSELECT "schema_migrations"."version" FROM "schema_migrations" ORDER BY "schema_migrations"."version" ASC[0m
  ↳ /Users/asukale/.rbenv/versions/2.6.3/bin/rake:23
Migrating to AddAvatarToImages (20200530073717)
  [1m[35m (0.1ms)[0m  [1m[36mbegin transaction[0m
  ↳ /Users/asukale/.rbenv/versions/2.6.3/bin/rake:23
  [1m[35m (1.1ms)[0m  [1m[35mALTER TABLE "images" ADD "avatar" varchar[0m
  ↳ db/migrate/20200530073717_add_avatar_to_images.rb:3
  [1m[36mActiveRecord::SchemaMigration Create (0.3ms)[0m  [1m[32mINSERT INTO "schema_migrations" ("version") VALUES (?)[0m  [["version", "20200530073717"]]
  ↳ /Users/asukale/.rbenv/versions/2.6.3/bin/rake:23
  [1m[35m (0.8ms)[0m  [1m[36mcommit transaction[0m
  ↳ /Users/asukale/.rbenv/versions/2.6.3/bin/rake:23
  [1m[36mActiveRecord::InternalMetadata Load (0.5ms)[0m  [1m[34mSELECT  "ar_internal_metadata".* FROM "ar_internal_metadata" WHERE "ar_internal_metadata"."key" = ? LIMIT ?[0m  [["key", "environment"], ["LIMIT", 1]]
  ↳ /Users/asukale/.rbenv/versions/2.6.3/bin/rake:23
  [1m[35m (0.0ms)[0m  [1m[36mbegin transaction[0m
  ↳ /Users/asukale/.rbenv/versions/2.6.3/bin/rake:23
  [1m[35m (0.0ms)[0m  [1m[36mcommit transaction[0m
  ↳ /Users/asukale/.rbenv/versions/2.6.3/bin/rake:23
  [1m[35m (0.1ms)[0m  [1m[34mSELECT "schema_migrations"."version" FROM "schema_migrations" ORDER BY "schema_migrations"."version" ASC[0m
  ↳ /Users/asukale/.rbenv/versions/2.6.3/bin/rake:23
Started POST "/images" for ::1 at 2020-05-30 13:16:23 +0530
  [1m[35m (0.2ms)[0m  [1m[34mSELECT "schema_migrations"."version" FROM "schema_migrations" ORDER BY "schema_migrations"."version" ASC[0m
  ↳ /Users/asukale/.rbenv/versions/2.6.3/lib/ruby/gems/2.6.0/gems/activerecord-5.2.4.3/lib/active_record/log_subscriber.rb:98
Processing by ImagesController#create as */*
  Parameters: {"images"=>#<ActionDispatch::Http::UploadedFile:0x00007fd8083fc630 @tempfile=#<Tempfile:/var/folders/zk/y2fpkkgs703f34tst8cprkqsybr9tt/T/RackMultipart20200530-72230-1cjya77.jpeg>, @original_filename="MyTestImage.jpeg", @content_type="image/jpeg", @headers="Content-Disposition: form-data; name=\"images\"; filename=\"MyTestImage.jpeg\"\r\nContent-Type: image/jpeg\r\n">}
Unpermitted parameter: :images
  [1m[35m (0.0ms)[0m  [1m[36mbegin transaction[0m
  ↳ app/controllers/images_controller.rb:20
  [1m[36mImage Create (1.1ms)[0m  [1m[32mINSERT INTO "images" ("created_at", "updated_at") VALUES (?, ?)[0m  [["created_at", "2020-05-30 07:46:23.538402"], ["updated_at", "2020-05-30 07:46:23.538402"]]
  ↳ app/controllers/images_controller.rb:20
  [1m[35m (0.7ms)[0m  [1m[36mcommit transaction[0m
  ↳ app/controllers/images_controller.rb:20
Completed 201 Created in 21ms (Views: 0.7ms | ActiveRecord: 2.5ms)


Started POST "/images" for ::1 at 2020-05-30 13:16:41 +0530
Processing by ImagesController#create as */*
  Parameters: {"images"=>#<ActionDispatch::Http::UploadedFile:0x00007fd808ca8e00 @tempfile=#<Tempfile:/var/folders/zk/y2fpkkgs703f34tst8cprkqsybr9tt/T/RackMultipart20200530-72230-1ge5y28.jpeg>, @original_filename="MyTestImage.jpeg", @content_type="image/jpeg", @headers="Content-Disposition: form-data; name=\"images\"; filename=\"MyTestImage.jpeg\"\r\nContent-Type: image/jpeg\r\n">}
Unpermitted parameter: :images
Completed 500 Internal Server Error in 41488ms (ActiveRecord: 0.7ms)


  
SystemExit (exit):
  
(byebug):1:in `exit'
(byebug):1:in `create'
app/controllers/images_controller.rb:19:in `create'
  [1m[35m (0.3ms)[0m  [1m[34mSELECT "schema_migrations"."version" FROM "schema_migrations" ORDER BY "schema_migrations"."version" ASC[0m
  ↳ /Users/asukale/.rbenv/versions/2.6.3/bin/rake:23
Migrating to AddAvatarsToUsers (20200530075028)
  [1m[35m (0.0ms)[0m  [1m[36mbegin transaction[0m
  ↳ /Users/asukale/.rbenv/versions/2.6.3/bin/rake:23
  [1m[35m (0.2ms)[0m  [1m[35mALTER TABLE "users" ADD "avatars" varchar[0m
  ↳ db/migrate/20200530075028_add_avatars_to_users.rb:3
  [1m[35m (0.0ms)[0m  [1m[31mrollback transaction[0m
  ↳ /Users/asukale/.rbenv/versions/2.6.3/bin/rake:23
  [1m[35m (0.1ms)[0m  [1m[34mSELECT "schema_migrations"."version" FROM "schema_migrations" ORDER BY "schema_migrations"."version" ASC[0m
  ↳ /Users/asukale/.rbenv/versions/2.6.3/bin/rake:23
Migrating to AddAvatarsToUsers (20200530075028)
  [1m[35m (0.0ms)[0m  [1m[36mbegin transaction[0m
  ↳ /Users/asukale/.rbenv/versions/2.6.3/bin/rake:23
  [1m[35m (0.2ms)[0m  [1m[35mALTER TABLE "users" ADD "avatars" varchar[0m
  ↳ db/migrate/20200530075028_add_avatars_to_users.rb:3
  [1m[35m (0.0ms)[0m  [1m[31mrollback transaction[0m
  ↳ /Users/asukale/.rbenv/versions/2.6.3/bin/rake:23
  [1m[35m (0.1ms)[0m  [1m[34mSELECT "schema_migrations"."version" FROM "schema_migrations" ORDER BY "schema_migrations"."version" ASC[0m
  ↳ /Users/asukale/.rbenv/versions/2.6.3/bin/rake:23
  [1m[35m (0.7ms)[0m  [1m[34mSELECT "ar_internal_metadata"."value" FROM "ar_internal_metadata" WHERE "ar_internal_metadata"."key" = ?[0m  [["key", "environment"]]
  ↳ /Users/asukale/.rbenv/versions/2.6.3/bin/rake:23
  [1m[35m (0.1ms)[0m  [1m[34mSELECT "schema_migrations"."version" FROM "schema_migrations" ORDER BY "schema_migrations"."version" ASC[0m
  ↳ /Users/asukale/.rbenv/versions/2.6.3/bin/rake:23
  [1m[35m (0.1ms)[0m  [1m[34mSELECT "ar_internal_metadata"."value" FROM "ar_internal_metadata" WHERE "ar_internal_metadata"."key" = ?[0m  [["key", "environment"]]
  ↳ /Users/asukale/.rbenv/versions/2.6.3/bin/rake:23
  [1m[35m (0.1ms)[0m  [1m[34mSELECT "schema_migrations"."version" FROM "schema_migrations" ORDER BY "schema_migrations"."version" ASC[0m
  ↳ /Users/asukale/.rbenv/versions/2.6.3/bin/rake:23
  [1m[35m (0.1ms)[0m  [1m[34mSELECT "ar_internal_metadata"."value" FROM "ar_internal_metadata" WHERE "ar_internal_metadata"."key" = ?[0m  [["key", "environment"]]
  ↳ /Users/asukale/.rbenv/versions/2.6.3/bin/rake:23
  [1m[35m (0.1ms)[0m  [1m[34mSELECT sqlite_version(*)[0m
  ↳ /Users/asukale/.rbenv/versions/2.6.3/bin/rake:23
  [1m[35m (2.2ms)[0m  [1m[35mCREATE TABLE "schema_migrations" ("version" varchar NOT NULL PRIMARY KEY)[0m
  ↳ /Users/asukale/.rbenv/versions/2.6.3/bin/rake:23
  [1m[35m (1.0ms)[0m  [1m[35mCREATE TABLE "ar_internal_metadata" ("key" varchar NOT NULL PRIMARY KEY, "value" varchar, "created_at" datetime NOT NULL, "updated_at" datetime NOT NULL)[0m
  ↳ /Users/asukale/.rbenv/versions/2.6.3/bin/rake:23
  [1m[35m (0.1ms)[0m  [1m[34mSELECT "schema_migrations"."version" FROM "schema_migrations" ORDER BY "schema_migrations"."version" ASC[0m
  ↳ /Users/asukale/.rbenv/versions/2.6.3/bin/rake:23
Migrating to CreateImages (20200530061138)
  [1m[35m (0.0ms)[0m  [1m[36mbegin transaction[0m
  ↳ /Users/asukale/.rbenv/versions/2.6.3/bin/rake:23
  [1m[35m (0.4ms)[0m  [1m[35mCREATE TABLE "images" ("id" integer PRIMARY KEY AUTOINCREMENT NOT NULL, "created_at" datetime NOT NULL, "updated_at" datetime NOT NULL)[0m
  ↳ db/migrate/20200530061138_create_images.rb:3
  [1m[36mActiveRecord::SchemaMigration Create (0.3ms)[0m  [1m[32mINSERT INTO "schema_migrations" ("version") VALUES (?)[0m  [["version", "20200530061138"]]
  ↳ /Users/asukale/.rbenv/versions/2.6.3/bin/rake:23
  [1m[35m (0.9ms)[0m  [1m[36mcommit transaction[0m
  ↳ /Users/asukale/.rbenv/versions/2.6.3/bin/rake:23
Migrating to AddAvatarsToImages (20200530075052)
  [1m[35m (0.1ms)[0m  [1m[36mbegin transaction[0m
  ↳ /Users/asukale/.rbenv/versions/2.6.3/bin/rake:23
  [1m[35m (0.6ms)[0m  [1m[35mALTER TABLE "images" ADD "avatars" varchar[0m
  ↳ db/migrate/20200530075052_add_avatars_to_images.rb:3
  [1m[36mActiveRecord::SchemaMigration Create (0.3ms)[0m  [1m[32mINSERT INTO "schema_migrations" ("version") VALUES (?)[0m  [["version", "20200530075052"]]
  ↳ /Users/asukale/.rbenv/versions/2.6.3/bin/rake:23
  [1m[35m (0.8ms)[0m  [1m[36mcommit transaction[0m
  ↳ /Users/asukale/.rbenv/versions/2.6.3/bin/rake:23
  [1m[36mActiveRecord::InternalMetadata Load (0.1ms)[0m  [1m[34mSELECT  "ar_internal_metadata".* FROM "ar_internal_metadata" WHERE "ar_internal_metadata"."key" = ? LIMIT ?[0m  [["key", "environment"], ["LIMIT", 1]]
  ↳ /Users/asukale/.rbenv/versions/2.6.3/bin/rake:23
  [1m[35m (0.1ms)[0m  [1m[36mbegin transaction[0m
  ↳ /Users/asukale/.rbenv/versions/2.6.3/bin/rake:23
  [1m[36mActiveRecord::InternalMetadata Create (0.5ms)[0m  [1m[32mINSERT INTO "ar_internal_metadata" ("key", "value", "created_at", "updated_at") VALUES (?, ?, ?, ?)[0m  [["key", "environment"], ["value", "development"], ["created_at", "2020-05-30 07:52:00.655509"], ["updated_at", "2020-05-30 07:52:00.655509"]]
  ↳ /Users/asukale/.rbenv/versions/2.6.3/bin/rake:23
  [1m[35m (0.8ms)[0m  [1m[36mcommit transaction[0m
  ↳ /Users/asukale/.rbenv/versions/2.6.3/bin/rake:23
  [1m[35m (0.1ms)[0m  [1m[34mSELECT "schema_migrations"."version" FROM "schema_migrations" ORDER BY "schema_migrations"."version" ASC[0m
  ↳ /Users/asukale/.rbenv/versions/2.6.3/bin/rake:23
Started POST "/images" for ::1 at 2020-05-30 13:22:20 +0530
  [1m[35m (0.1ms)[0m  [1m[34mSELECT "schema_migrations"."version" FROM "schema_migrations" ORDER BY "schema_migrations"."version" ASC[0m
  ↳ /Users/asukale/.rbenv/versions/2.6.3/lib/ruby/gems/2.6.0/gems/activerecord-5.2.4.3/lib/active_record/log_subscriber.rb:98
Processing by ImagesController#create as */*
  Parameters: {"images"=>#<ActionDispatch::Http::UploadedFile:0x00007f91629d9e78 @tempfile=#<Tempfile:/var/folders/zk/y2fpkkgs703f34tst8cprkqsybr9tt/T/RackMultipart20200530-74828-b93th3.jpeg>, @original_filename="MyTestImage.jpeg", @content_type="image/jpeg", @headers="Content-Disposition: form-data; name=\"images\"; filename=\"MyTestImage.jpeg\"\r\nContent-Type: image/jpeg\r\n">}
Unpermitted parameter: :images
  [1m[35m (0.0ms)[0m  [1m[36mbegin transaction[0m
  ↳ app/controllers/images_controller.rb:20
  [1m[35m (0.0ms)[0m  [1m[31mrollback transaction[0m
  ↳ app/controllers/images_controller.rb:20
Completed 500 Internal Server Error in 10ms (ActiveRecord: 0.5ms)


  
ActiveModel::MissingAttributeError (can't write unknown attribute `avatar`):
  
app/controllers/images_controller.rb:20:in `create'
Started POST "/images" for ::1 at 2020-05-30 13:23:45 +0530
Processing by ImagesController#create as */*
  Parameters: {"images"=>#<ActionDispatch::Http::UploadedFile:0x00007f91603da0d8 @tempfile=#<Tempfile:/var/folders/zk/y2fpkkgs703f34tst8cprkqsybr9tt/T/RackMultipart20200530-74828-hjfjk9.jpeg>, @original_filename="MyTestImage.jpeg", @content_type="image/jpeg", @headers="Content-Disposition: form-data; name=\"images\"; filename=\"MyTestImage.jpeg\"\r\nContent-Type: image/jpeg\r\n">}
Unpermitted parameter: :images
  [1m[35m (0.0ms)[0m  [1m[36mbegin transaction[0m
  ↳ app/controllers/images_controller.rb:20
  [1m[36mImage Create (1.3ms)[0m  [1m[32mINSERT INTO "images" ("created_at", "updated_at") VALUES (?, ?)[0m  [["created_at", "2020-05-30 07:53:45.536113"], ["updated_at", "2020-05-30 07:53:45.536113"]]
  ↳ app/controllers/images_controller.rb:20
  [1m[35m (1.1ms)[0m  [1m[36mcommit transaction[0m
  ↳ app/controllers/images_controller.rb:20
Completed 201 Created in 12ms (Views: 1.0ms | ActiveRecord: 3.0ms)


Started POST "/images" for ::1 at 2020-05-30 13:25:21 +0530
Processing by ImagesController#create as */*
  Parameters: {"avatars"=>#<ActionDispatch::Http::UploadedFile:0x00007f9160673fb0 @tempfile=#<Tempfile:/var/folders/zk/y2fpkkgs703f34tst8cprkqsybr9tt/T/RackMultipart20200530-74828-12pcgl7.jpeg>, @original_filename="MyTestImage.jpeg", @content_type="image/jpeg", @headers="Content-Disposition: form-data; name=\"avatars\"; filename=\"MyTestImage.jpeg\"\r\nContent-Type: image/jpeg\r\n">}
Unpermitted parameter: :avatars
  [1m[35m (0.0ms)[0m  [1m[36mbegin transaction[0m
  ↳ app/controllers/images_controller.rb:20
  [1m[36mImage Create (0.4ms)[0m  [1m[32mINSERT INTO "images" ("created_at", "updated_at") VALUES (?, ?)[0m  [["created_at", "2020-05-30 07:55:21.731907"], ["updated_at", "2020-05-30 07:55:21.731907"]]
  ↳ app/controllers/images_controller.rb:20
  [1m[35m (0.7ms)[0m  [1m[36mcommit transaction[0m
  ↳ app/controllers/images_controller.rb:20
Completed 201 Created in 8ms (Views: 0.5ms | ActiveRecord: 1.6ms)


Started POST "/images" for ::1 at 2020-05-30 13:26:12 +0530
Processing by ImagesController#create as */*
  Parameters: {"avatars"=>#<ActionDispatch::Http::UploadedFile:0x00007f916327c968 @tempfile=#<Tempfile:/var/folders/zk/y2fpkkgs703f34tst8cprkqsybr9tt/T/RackMultipart20200530-74828-174f2yb.jpeg>, @original_filename="MyTestImage.jpeg", @content_type="image/jpeg", @headers="Content-Disposition: form-data; name=\"avatars\"; filename=\"MyTestImage.jpeg\"\r\nContent-Type: image/jpeg\r\n">}
Unpermitted parameter: :avatars
  [1m[35m (0.1ms)[0m  [1m[36mbegin transaction[0m
  ↳ (byebug):1
  [1m[36mImage Create (0.7ms)[0m  [1m[32mINSERT INTO "images" ("created_at", "updated_at") VALUES (?, ?)[0m  [["created_at", "2020-05-30 07:56:34.649427"], ["updated_at", "2020-05-30 07:56:34.649427"]]
  ↳ (byebug):1
  [1m[35m (1.5ms)[0m  [1m[36mcommit transaction[0m
  ↳ (byebug):1
Completed 500 Internal Server Error in 471597ms (ActiveRecord: 2.8ms)


  
SystemExit (exit):
  
(byebug):1:in `exit'
(byebug):1:in `create'
app/controllers/images_controller.rb:20:in `create'
  [1m[35m (0.2ms)[0m  [1m[34mSELECT "schema_migrations"."version" FROM "schema_migrations" ORDER BY "schema_migrations"."version" ASC[0m
  ↳ /Users/asukale/.rbenv/versions/2.6.3/bin/rake:23
  [1m[35m (0.7ms)[0m  [1m[34mSELECT "ar_internal_metadata"."value" FROM "ar_internal_metadata" WHERE "ar_internal_metadata"."key" = ?[0m  [["key", "environment"]]
  ↳ /Users/asukale/.rbenv/versions/2.6.3/bin/rake:23
  [1m[35m (0.1ms)[0m  [1m[34mSELECT "schema_migrations"."version" FROM "schema_migrations" ORDER BY "schema_migrations"."version" ASC[0m
  ↳ /Users/asukale/.rbenv/versions/2.6.3/bin/rake:23
  [1m[35m (0.1ms)[0m  [1m[34mSELECT "ar_internal_metadata"."value" FROM "ar_internal_metadata" WHERE "ar_internal_metadata"."key" = ?[0m  [["key", "environment"]]
  ↳ /Users/asukale/.rbenv/versions/2.6.3/bin/rake:23
  [1m[35m (0.0ms)[0m  [1m[34mSELECT "schema_migrations"."version" FROM "schema_migrations" ORDER BY "schema_migrations"."version" ASC[0m
  ↳ /Users/asukale/.rbenv/versions/2.6.3/bin/rake:23
  [1m[35m (0.1ms)[0m  [1m[34mSELECT "ar_internal_metadata"."value" FROM "ar_internal_metadata" WHERE "ar_internal_metadata"."key" = ?[0m  [["key", "environment"]]
  ↳ /Users/asukale/.rbenv/versions/2.6.3/bin/rake:23
  [1m[35m (0.0ms)[0m  [1m[34mSELECT sqlite_version(*)[0m
  ↳ /Users/asukale/.rbenv/versions/2.6.3/bin/rake:23
  [1m[35m (1.0ms)[0m  [1m[35mCREATE TABLE "schema_migrations" ("version" varchar NOT NULL PRIMARY KEY)[0m
  ↳ /Users/asukale/.rbenv/versions/2.6.3/bin/rake:23
  [1m[35m (0.9ms)[0m  [1m[35mCREATE TABLE "ar_internal_metadata" ("key" varchar NOT NULL PRIMARY KEY, "value" varchar, "created_at" datetime NOT NULL, "updated_at" datetime NOT NULL)[0m
  ↳ /Users/asukale/.rbenv/versions/2.6.3/bin/rake:23
  [1m[35m (0.1ms)[0m  [1m[34mSELECT "schema_migrations"."version" FROM "schema_migrations" ORDER BY "schema_migrations"."version" ASC[0m
  ↳ /Users/asukale/.rbenv/versions/2.6.3/bin/rake:23
Migrating to CreateGalleries (20200530080713)
  [1m[35m (0.1ms)[0m  [1m[36mbegin transaction[0m
  ↳ /Users/asukale/.rbenv/versions/2.6.3/bin/rake:23
  [1m[35m (0.7ms)[0m  [1m[35mCREATE TABLE "galleries" ("id" integer PRIMARY KEY AUTOINCREMENT NOT NULL, "created_at" datetime NOT NULL, "updated_at" datetime NOT NULL)[0m
  ↳ db/migrate/20200530080713_create_galleries.rb:3
  [1m[36mActiveRecord::SchemaMigration Create (0.2ms)[0m  [1m[32mINSERT INTO "schema_migrations" ("version") VALUES (?)[0m  [["version", "20200530080713"]]
  ↳ /Users/asukale/.rbenv/versions/2.6.3/bin/rake:23
  [1m[35m (0.7ms)[0m  [1m[36mcommit transaction[0m
  ↳ /Users/asukale/.rbenv/versions/2.6.3/bin/rake:23
Migrating to CreateImage (20200530081706)
  [1m[35m (0.0ms)[0m  [1m[36mbegin transaction[0m
  ↳ /Users/asukale/.rbenv/versions/2.6.3/bin/rake:23
  [1m[35m (0.4ms)[0m  [1m[35mCREATE TABLE "images" ("id" integer PRIMARY KEY AUTOINCREMENT NOT NULL, "gallery_id" integer, CONSTRAINT "fk_rails_66d214d6b8"
FOREIGN KEY ("gallery_id")
  REFERENCES "galleries" ("id")
)[0m
  ↳ db/migrate/20200530081706_create_image.rb:3
  [1m[35m (0.1ms)[0m  [1m[35mCREATE  INDEX "index_images_on_gallery_id" ON "images" ("gallery_id")[0m
  ↳ db/migrate/20200530081706_create_image.rb:3
  [1m[36mActiveRecord::SchemaMigration Create (0.2ms)[0m  [1m[32mINSERT INTO "schema_migrations" ("version") VALUES (?)[0m  [["version", "20200530081706"]]
  ↳ /Users/asukale/.rbenv/versions/2.6.3/bin/rake:23
  [1m[35m (0.7ms)[0m  [1m[36mcommit transaction[0m
  ↳ /Users/asukale/.rbenv/versions/2.6.3/bin/rake:23
Migrating to AddAttachmentAvatarToImages (20200530081758)
  [1m[35m (0.0ms)[0m  [1m[36mbegin transaction[0m
  ↳ /Users/asukale/.rbenv/versions/2.6.3/bin/rake:23
  [1m[35m (0.4ms)[0m  [1m[35mALTER TABLE "images" ADD "avatar_file_name" varchar[0m
  ↳ db/migrate/20200530081758_add_attachment_avatar_to_images.rb:4
  [1m[35m (0.2ms)[0m  [1m[35mALTER TABLE "images" ADD "avatar_content_type" varchar[0m
  ↳ db/migrate/20200530081758_add_attachment_avatar_to_images.rb:4
  [1m[35m (0.2ms)[0m  [1m[35mALTER TABLE "images" ADD "avatar_file_size" integer[0m
  ↳ db/migrate/20200530081758_add_attachment_avatar_to_images.rb:4
  [1m[35m (0.2ms)[0m  [1m[35mALTER TABLE "images" ADD "avatar_updated_at" datetime[0m
  ↳ db/migrate/20200530081758_add_attachment_avatar_to_images.rb:4
  [1m[36mActiveRecord::SchemaMigration Create (0.2ms)[0m  [1m[32mINSERT INTO "schema_migrations" ("version") VALUES (?)[0m  [["version", "20200530081758"]]
  ↳ /Users/asukale/.rbenv/versions/2.6.3/bin/rake:23
  [1m[35m (0.7ms)[0m  [1m[36mcommit transaction[0m
  ↳ /Users/asukale/.rbenv/versions/2.6.3/bin/rake:23
  [1m[36mActiveRecord::InternalMetadata Load (0.2ms)[0m  [1m[34mSELECT  "ar_internal_metadata".* FROM "ar_internal_metadata" WHERE "ar_internal_metadata"."key" = ? LIMIT ?[0m  [["key", "environment"], ["LIMIT", 1]]
  ↳ /Users/asukale/.rbenv/versions/2.6.3/bin/rake:23
  [1m[35m (0.1ms)[0m  [1m[36mbegin transaction[0m
  ↳ /Users/asukale/.rbenv/versions/2.6.3/bin/rake:23
  [1m[36mActiveRecord::InternalMetadata Create (0.4ms)[0m  [1m[32mINSERT INTO "ar_internal_metadata" ("key", "value", "created_at", "updated_at") VALUES (?, ?, ?, ?)[0m  [["key", "environment"], ["value", "development"], ["created_at", "2020-05-30 08:18:15.908196"], ["updated_at", "2020-05-30 08:18:15.908196"]]
  ↳ /Users/asukale/.rbenv/versions/2.6.3/bin/rake:23
  [1m[35m (0.8ms)[0m  [1m[36mcommit transaction[0m
  ↳ /Users/asukale/.rbenv/versions/2.6.3/bin/rake:23
  [1m[35m (0.5ms)[0m  [1m[34mSELECT "schema_migrations"."version" FROM "schema_migrations" ORDER BY "schema_migrations"."version" ASC[0m
  ↳ /Users/asukale/.rbenv/versions/2.6.3/bin/rake:23
  [1m[35m (0.6ms)[0m  [1m[34mSELECT "schema_migrations"."version" FROM "schema_migrations" ORDER BY "schema_migrations"."version" ASC[0m
  ↳ /Users/asukale/.rbenv/versions/2.6.3/bin/rake:23
Migrating to AddNameToGallery (20200530082444)
  [1m[35m (0.0ms)[0m  [1m[36mbegin transaction[0m
  ↳ /Users/asukale/.rbenv/versions/2.6.3/bin/rake:23
  [1m[35m (0.5ms)[0m  [1m[35mALTER TABLE "galleries" ADD "name" varchar[0m
  ↳ db/migrate/20200530082444_add_name_to_gallery.rb:3
  [1m[36mActiveRecord::SchemaMigration Create (0.5ms)[0m  [1m[32mINSERT INTO "schema_migrations" ("version") VALUES (?)[0m  [["version", "20200530082444"]]
  ↳ /Users/asukale/.rbenv/versions/2.6.3/bin/rake:23
  [1m[35m (0.7ms)[0m  [1m[36mcommit transaction[0m
  ↳ /Users/asukale/.rbenv/versions/2.6.3/bin/rake:23
  [1m[36mActiveRecord::InternalMetadata Load (0.7ms)[0m  [1m[34mSELECT  "ar_internal_metadata".* FROM "ar_internal_metadata" WHERE "ar_internal_metadata"."key" = ? LIMIT ?[0m  [["key", "environment"], ["LIMIT", 1]]
  ↳ /Users/asukale/.rbenv/versions/2.6.3/bin/rake:23
  [1m[35m (0.0ms)[0m  [1m[36mbegin transaction[0m
  ↳ /Users/asukale/.rbenv/versions/2.6.3/bin/rake:23
  [1m[35m (0.0ms)[0m  [1m[36mcommit transaction[0m
  ↳ /Users/asukale/.rbenv/versions/2.6.3/bin/rake:23
  [1m[35m (0.1ms)[0m  [1m[34mSELECT "schema_migrations"."version" FROM "schema_migrations" ORDER BY "schema_migrations"."version" ASC[0m
  ↳ /Users/asukale/.rbenv/versions/2.6.3/bin/rake:23
Started POST "/images" for ::1 at 2020-05-30 13:58:33 +0530
  [1m[35m (0.6ms)[0m  [1m[34mSELECT "schema_migrations"."version" FROM "schema_migrations" ORDER BY "schema_migrations"."version" ASC[0m
  ↳ /Users/asukale/.rbenv/versions/2.6.3/lib/ruby/gems/2.6.0/gems/activerecord-5.2.4.3/lib/active_record/log_subscriber.rb:98
Processing by ImagesController#create as */*
  Parameters: {"avatars"=>{"0"=>#<ActionDispatch::Http::UploadedFile:0x00007f8beabf8c68 @tempfile=#<Tempfile:/var/folders/zk/y2fpkkgs703f34tst8cprkqsybr9tt/T/RackMultipart20200530-90018-7twbny.jpeg>, @original_filename="MyTestImage.jpeg", @content_type="image/jpeg", @headers="Content-Disposition: form-data; name=\"avatars[0]\"; filename=\"MyTestImage.jpeg\"\r\nContent-Type: image/jpeg\r\n">, "1"=>#<ActionDispatch::Http::UploadedFile:0x00007f8beabf8bf0 @tempfile=#<Tempfile:/var/folders/zk/y2fpkkgs703f34tst8cprkqsybr9tt/T/RackMultipart20200530-90018-1l5imy3.png>, @original_filename="Screen Shot 2020-05-20 at 2.57.06 PM.png", @content_type="image/png", @headers="Content-Disposition: form-data; name=\"avatars[1]\"; filename=\"Screen Shot 2020-05-20 at 2.57.06 PM.png\"\r\nContent-Type: image/png\r\n">}}
  [1m[36mGallery Load (0.5ms)[0m  [1m[34mSELECT  "galleries".* FROM "galleries" WHERE "galleries"."name" = ? LIMIT ?[0m  [["name", "My gallery"], ["LIMIT", 1]]
  ↳ app/controllers/images_controller.rb:18
  [1m[35m (0.0ms)[0m  [1m[36mbegin transaction[0m
  ↳ app/controllers/images_controller.rb:18
  [1m[36mGallery Create (0.8ms)[0m  [1m[32mINSERT INTO "galleries" ("created_at", "updated_at", "name") VALUES (?, ?, ?)[0m  [["created_at", "2020-05-30 08:28:33.595899"], ["updated_at", "2020-05-30 08:28:33.595899"], ["name", "My gallery"]]
  ↳ app/controllers/images_controller.rb:18
  [1m[35m (0.7ms)[0m  [1m[36mcommit transaction[0m
  ↳ app/controllers/images_controller.rb:18
[paperclip] Trying to link /var/folders/zk/y2fpkkgs703f34tst8cprkqsybr9tt/T/RackMultipart20200530-90018-7twbny.jpeg to /var/folders/zk/y2fpkkgs703f34tst8cprkqsybr9tt/T/7f988dca3bfe51bf58c58c2bd11c96d720200530-90018-151nml8.jpeg
[paperclip] Trying to link /var/folders/zk/y2fpkkgs703f34tst8cprkqsybr9tt/T/7f988dca3bfe51bf58c58c2bd11c96d720200530-90018-151nml8.jpeg to /var/folders/zk/y2fpkkgs703f34tst8cprkqsybr9tt/T/7f988dca3bfe51bf58c58c2bd11c96d720200530-90018-l2ql0s.jpeg
Command :: file -b --mime '/var/folders/zk/y2fpkkgs703f34tst8cprkqsybr9tt/T/7f988dca3bfe51bf58c58c2bd11c96d720200530-90018-l2ql0s.jpeg'
Command :: identify -format '%wx%h,%[exif:orientation]' '/var/folders/zk/y2fpkkgs703f34tst8cprkqsybr9tt/T/7f988dca3bfe51bf58c58c2bd11c96d720200530-90018-151nml8.jpeg[0]' 2>/dev/null
Command :: identify -format %m '/var/folders/zk/y2fpkkgs703f34tst8cprkqsybr9tt/T/7f988dca3bfe51bf58c58c2bd11c96d720200530-90018-151nml8.jpeg[0]'
Command :: convert '/var/folders/zk/y2fpkkgs703f34tst8cprkqsybr9tt/T/7f988dca3bfe51bf58c58c2bd11c96d720200530-90018-151nml8.jpeg[0]' -auto-orient -resize "300x300>" '/var/folders/zk/y2fpkkgs703f34tst8cprkqsybr9tt/T/350f8df08e95d9fc1104a5b3fdae1e8720200530-90018-1uqgm6g'
[paperclip] Trying to link /var/folders/zk/y2fpkkgs703f34tst8cprkqsybr9tt/T/350f8df08e95d9fc1104a5b3fdae1e8720200530-90018-1uqgm6g to /var/folders/zk/y2fpkkgs703f34tst8cprkqsybr9tt/T/98db4ade9e9c7cf9b82f14e8b1a190bb20200530-90018-1437v8h
Command :: identify -format '%wx%h,%[exif:orientation]' '/var/folders/zk/y2fpkkgs703f34tst8cprkqsybr9tt/T/7f988dca3bfe51bf58c58c2bd11c96d720200530-90018-151nml8.jpeg[0]' 2>/dev/null
Command :: identify -format %m '/var/folders/zk/y2fpkkgs703f34tst8cprkqsybr9tt/T/7f988dca3bfe51bf58c58c2bd11c96d720200530-90018-151nml8.jpeg[0]'
Command :: convert '/var/folders/zk/y2fpkkgs703f34tst8cprkqsybr9tt/T/7f988dca3bfe51bf58c58c2bd11c96d720200530-90018-151nml8.jpeg[0]' -auto-orient -resize "100x100>" '/var/folders/zk/y2fpkkgs703f34tst8cprkqsybr9tt/T/350f8df08e95d9fc1104a5b3fdae1e8720200530-90018-ef73v5'
[paperclip] Trying to link /var/folders/zk/y2fpkkgs703f34tst8cprkqsybr9tt/T/350f8df08e95d9fc1104a5b3fdae1e8720200530-90018-ef73v5 to /var/folders/zk/y2fpkkgs703f34tst8cprkqsybr9tt/T/e8a44ac2ecd70464b882e49453dd87d220200530-90018-t6t9xw
  [1m[35m (0.1ms)[0m  [1m[36mbegin transaction[0m
  ↳ (byebug):1
[paperclip] Trying to link /var/folders/zk/y2fpkkgs703f34tst8cprkqsybr9tt/T/7f988dca3bfe51bf58c58c2bd11c96d720200530-90018-151nml8.jpeg to /var/folders/zk/y2fpkkgs703f34tst8cprkqsybr9tt/T/7f988dca3bfe51bf58c58c2bd11c96d720200530-90018-wz9jls.jpeg
Command :: file -b --mime '/var/folders/zk/y2fpkkgs703f34tst8cprkqsybr9tt/T/7f988dca3bfe51bf58c58c2bd11c96d720200530-90018-wz9jls.jpeg'
  [1m[36mImage Create (1.2ms)[0m  [1m[32mINSERT INTO "images" ("gallery_id", "avatar_file_name", "avatar_content_type", "avatar_file_size", "avatar_updated_at") VALUES (?, ?, ?, ?, ?)[0m  [["gallery_id", 1], ["avatar_file_name", "MyTestImage.jpeg"], ["avatar_content_type", "image/jpeg"], ["avatar_file_size", 27810], ["avatar_updated_at", "2020-05-30 08:32:02.567828"]]
  ↳ (byebug):1
  [1m[35m (0.8ms)[0m  [1m[36mcommit transaction[0m
  ↳ (byebug):1
[paperclip] Trying to link /var/folders/zk/y2fpkkgs703f34tst8cprkqsybr9tt/T/RackMultipart20200530-90018-1l5imy3.png to /var/folders/zk/y2fpkkgs703f34tst8cprkqsybr9tt/T/dcf3171cf158b51c23929ab3097ef0b320200530-90018-1st5hx6.png
[paperclip] Trying to link /var/folders/zk/y2fpkkgs703f34tst8cprkqsybr9tt/T/dcf3171cf158b51c23929ab3097ef0b320200530-90018-1st5hx6.png to /var/folders/zk/y2fpkkgs703f34tst8cprkqsybr9tt/T/73eaca9619ec9d64bccda5bffe81e6ff20200530-90018-1g3dt68.png
Command :: file -b --mime '/var/folders/zk/y2fpkkgs703f34tst8cprkqsybr9tt/T/73eaca9619ec9d64bccda5bffe81e6ff20200530-90018-1g3dt68.png'
Command :: identify -format '%wx%h,%[exif:orientation]' '/var/folders/zk/y2fpkkgs703f34tst8cprkqsybr9tt/T/dcf3171cf158b51c23929ab3097ef0b320200530-90018-1st5hx6.png[0]' 2>/dev/null
Command :: identify -format %m '/var/folders/zk/y2fpkkgs703f34tst8cprkqsybr9tt/T/dcf3171cf158b51c23929ab3097ef0b320200530-90018-1st5hx6.png[0]'
Command :: convert '/var/folders/zk/y2fpkkgs703f34tst8cprkqsybr9tt/T/dcf3171cf158b51c23929ab3097ef0b320200530-90018-1st5hx6.png[0]' -auto-orient -resize "300x300>" '/var/folders/zk/y2fpkkgs703f34tst8cprkqsybr9tt/T/bef5d72a2c14664ab1be266db7ae834220200530-90018-wk5ie3'
[paperclip] Trying to link /var/folders/zk/y2fpkkgs703f34tst8cprkqsybr9tt/T/bef5d72a2c14664ab1be266db7ae834220200530-90018-wk5ie3 to /var/folders/zk/y2fpkkgs703f34tst8cprkqsybr9tt/T/d62a4424cb54c9bf89b968c566a51a7420200530-90018-1362zs9
Command :: identify -format '%wx%h,%[exif:orientation]' '/var/folders/zk/y2fpkkgs703f34tst8cprkqsybr9tt/T/dcf3171cf158b51c23929ab3097ef0b320200530-90018-1st5hx6.png[0]' 2>/dev/null
Command :: identify -format %m '/var/folders/zk/y2fpkkgs703f34tst8cprkqsybr9tt/T/dcf3171cf158b51c23929ab3097ef0b320200530-90018-1st5hx6.png[0]'
Command :: convert '/var/folders/zk/y2fpkkgs703f34tst8cprkqsybr9tt/T/dcf3171cf158b51c23929ab3097ef0b320200530-90018-1st5hx6.png[0]' -auto-orient -resize "100x100>" '/var/folders/zk/y2fpkkgs703f34tst8cprkqsybr9tt/T/bef5d72a2c14664ab1be266db7ae834220200530-90018-zprsfq'
[paperclip] Trying to link /var/folders/zk/y2fpkkgs703f34tst8cprkqsybr9tt/T/bef5d72a2c14664ab1be266db7ae834220200530-90018-zprsfq to /var/folders/zk/y2fpkkgs703f34tst8cprkqsybr9tt/T/09a2d3f8f1c7c9eda6b02ae4487d383220200530-90018-1mla97w
  [1m[35m (0.1ms)[0m  [1m[36mbegin transaction[0m
  ↳ (byebug):1
[paperclip] Trying to link /var/folders/zk/y2fpkkgs703f34tst8cprkqsybr9tt/T/dcf3171cf158b51c23929ab3097ef0b320200530-90018-1st5hx6.png to /var/folders/zk/y2fpkkgs703f34tst8cprkqsybr9tt/T/73eaca9619ec9d64bccda5bffe81e6ff20200530-90018-15m33r3.png
Command :: file -b --mime '/var/folders/zk/y2fpkkgs703f34tst8cprkqsybr9tt/T/73eaca9619ec9d64bccda5bffe81e6ff20200530-90018-15m33r3.png'
  [1m[36mImage Create (0.5ms)[0m  [1m[32mINSERT INTO "images" ("gallery_id", "avatar_file_name", "avatar_content_type", "avatar_file_size", "avatar_updated_at") VALUES (?, ?, ?, ?, ?)[0m  [["gallery_id", 1], ["avatar_file_name", "Screen_Shot_2020-05-20_at_2.57.06_PM.png"], ["avatar_content_type", "image/png"], ["avatar_file_size", 297181], ["avatar_updated_at", "2020-05-30 08:32:02.816675"]]
  ↳ (byebug):1
  [1m[35m (0.7ms)[0m  [1m[36mcommit transaction[0m
  ↳ (byebug):1
Completed 500 Internal Server Error in 212081ms (ActiveRecord: 6.4ms)


  
SystemExit (exit):
  
(byebug):1:in `exit'
(byebug):1:in `create'
app/controllers/images_controller.rb:20:in `create'
Started POST "/images" for ::1 at 2020-05-30 14:07:39 +0530
Processing by ImagesController#create as */*
  Parameters: {"avatars"=>{"0"=>#<ActionDispatch::Http::UploadedFile:0x00007f8bea715688 @tempfile=#<Tempfile:/var/folders/zk/y2fpkkgs703f34tst8cprkqsybr9tt/T/RackMultipart20200530-90018-1i1f0nx.jpeg>, @original_filename="MyTestImage.jpeg", @content_type="image/jpeg", @headers="Content-Disposition: form-data; name=\"avatars[0]\"; filename=\"MyTestImage.jpeg\"\r\nContent-Type: image/jpeg\r\n">, "1"=>#<ActionDispatch::Http::UploadedFile:0x00007f8bed8dd7d8 @tempfile=#<Tempfile:/var/folders/zk/y2fpkkgs703f34tst8cprkqsybr9tt/T/RackMultipart20200530-90018-ckvef.png>, @original_filename="Screen Shot 2020-05-20 at 2.57.06 PM.png", @content_type="image/png", @headers="Content-Disposition: form-data; name=\"avatars[1]\"; filename=\"Screen Shot 2020-05-20 at 2.57.06 PM.png\"\r\nContent-Type: image/png\r\n">}}
  [1m[36mGallery Load (1.0ms)[0m  [1m[34mSELECT  "galleries".* FROM "galleries" WHERE "galleries"."name" = ? LIMIT ?[0m  [["name", "My gallery"], ["LIMIT", 1]]
  ↳ app/controllers/images_controller.rb:18
[paperclip] Trying to link /var/folders/zk/y2fpkkgs703f34tst8cprkqsybr9tt/T/RackMultipart20200530-90018-1i1f0nx.jpeg to /var/folders/zk/y2fpkkgs703f34tst8cprkqsybr9tt/T/7f988dca3bfe51bf58c58c2bd11c96d720200530-90018-4orjt9.jpeg
[paperclip] Trying to link /var/folders/zk/y2fpkkgs703f34tst8cprkqsybr9tt/T/7f988dca3bfe51bf58c58c2bd11c96d720200530-90018-4orjt9.jpeg to /var/folders/zk/y2fpkkgs703f34tst8cprkqsybr9tt/T/7f988dca3bfe51bf58c58c2bd11c96d720200530-90018-1a16ejx.jpeg
Command :: file -b --mime '/var/folders/zk/y2fpkkgs703f34tst8cprkqsybr9tt/T/7f988dca3bfe51bf58c58c2bd11c96d720200530-90018-1a16ejx.jpeg'
Command :: identify -format '%wx%h,%[exif:orientation]' '/var/folders/zk/y2fpkkgs703f34tst8cprkqsybr9tt/T/7f988dca3bfe51bf58c58c2bd11c96d720200530-90018-4orjt9.jpeg[0]' 2>/dev/null
Command :: identify -format %m '/var/folders/zk/y2fpkkgs703f34tst8cprkqsybr9tt/T/7f988dca3bfe51bf58c58c2bd11c96d720200530-90018-4orjt9.jpeg[0]'
Command :: convert '/var/folders/zk/y2fpkkgs703f34tst8cprkqsybr9tt/T/7f988dca3bfe51bf58c58c2bd11c96d720200530-90018-4orjt9.jpeg[0]' -auto-orient -resize "300x300>" '/var/folders/zk/y2fpkkgs703f34tst8cprkqsybr9tt/T/dd7b6650c392ffd6b7643810840b455820200530-90018-xnn3en'
[paperclip] Trying to link /var/folders/zk/y2fpkkgs703f34tst8cprkqsybr9tt/T/dd7b6650c392ffd6b7643810840b455820200530-90018-xnn3en to /var/folders/zk/y2fpkkgs703f34tst8cprkqsybr9tt/T/3d84c006e373ce64857f9fc176cbae6c20200530-90018-1rvoxc0
Command :: identify -format '%wx%h,%[exif:orientation]' '/var/folders/zk/y2fpkkgs703f34tst8cprkqsybr9tt/T/7f988dca3bfe51bf58c58c2bd11c96d720200530-90018-4orjt9.jpeg[0]' 2>/dev/null
Command :: identify -format %m '/var/folders/zk/y2fpkkgs703f34tst8cprkqsybr9tt/T/7f988dca3bfe51bf58c58c2bd11c96d720200530-90018-4orjt9.jpeg[0]'
Command :: convert '/var/folders/zk/y2fpkkgs703f34tst8cprkqsybr9tt/T/7f988dca3bfe51bf58c58c2bd11c96d720200530-90018-4orjt9.jpeg[0]' -auto-orient -resize "100x100>" '/var/folders/zk/y2fpkkgs703f34tst8cprkqsybr9tt/T/dd7b6650c392ffd6b7643810840b455820200530-90018-hdpshv'
[paperclip] Trying to link /var/folders/zk/y2fpkkgs703f34tst8cprkqsybr9tt/T/dd7b6650c392ffd6b7643810840b455820200530-90018-hdpshv to /var/folders/zk/y2fpkkgs703f34tst8cprkqsybr9tt/T/c186e9185c7ca8e0cd5256633bc9558220200530-90018-z5cm84
  [1m[35m (4.1ms)[0m  [1m[36mbegin transaction[0m
  ↳ app/controllers/images_controller.rb:21
[paperclip] Trying to link /var/folders/zk/y2fpkkgs703f34tst8cprkqsybr9tt/T/7f988dca3bfe51bf58c58c2bd11c96d720200530-90018-4orjt9.jpeg to /var/folders/zk/y2fpkkgs703f34tst8cprkqsybr9tt/T/7f988dca3bfe51bf58c58c2bd11c96d720200530-90018-bs7wb5.jpeg
Command :: file -b --mime '/var/folders/zk/y2fpkkgs703f34tst8cprkqsybr9tt/T/7f988dca3bfe51bf58c58c2bd11c96d720200530-90018-bs7wb5.jpeg'
  [1m[36mImage Create (1.5ms)[0m  [1m[32mINSERT INTO "images" ("gallery_id", "avatar_file_name", "avatar_content_type", "avatar_file_size", "avatar_updated_at") VALUES (?, ?, ?, ?, ?)[0m  [["gallery_id", 1], ["avatar_file_name", "MyTestImage.jpeg"], ["avatar_content_type", "image/jpeg"], ["avatar_file_size", 27810], ["avatar_updated_at", "2020-05-30 08:37:40.571470"]]
  ↳ app/controllers/images_controller.rb:21
  [1m[35m (1.4ms)[0m  [1m[36mcommit transaction[0m
  ↳ app/controllers/images_controller.rb:21
[paperclip] Trying to link /var/folders/zk/y2fpkkgs703f34tst8cprkqsybr9tt/T/RackMultipart20200530-90018-ckvef.png to /var/folders/zk/y2fpkkgs703f34tst8cprkqsybr9tt/T/dcf3171cf158b51c23929ab3097ef0b320200530-90018-1jqopnd.png
[paperclip] Trying to link /var/folders/zk/y2fpkkgs703f34tst8cprkqsybr9tt/T/dcf3171cf158b51c23929ab3097ef0b320200530-90018-1jqopnd.png to /var/folders/zk/y2fpkkgs703f34tst8cprkqsybr9tt/T/73eaca9619ec9d64bccda5bffe81e6ff20200530-90018-790g7m.png
Command :: file -b --mime '/var/folders/zk/y2fpkkgs703f34tst8cprkqsybr9tt/T/73eaca9619ec9d64bccda5bffe81e6ff20200530-90018-790g7m.png'
Command :: identify -format '%wx%h,%[exif:orientation]' '/var/folders/zk/y2fpkkgs703f34tst8cprkqsybr9tt/T/dcf3171cf158b51c23929ab3097ef0b320200530-90018-1jqopnd.png[0]' 2>/dev/null
Command :: identify -format %m '/var/folders/zk/y2fpkkgs703f34tst8cprkqsybr9tt/T/dcf3171cf158b51c23929ab3097ef0b320200530-90018-1jqopnd.png[0]'
Command :: convert '/var/folders/zk/y2fpkkgs703f34tst8cprkqsybr9tt/T/dcf3171cf158b51c23929ab3097ef0b320200530-90018-1jqopnd.png[0]' -auto-orient -resize "300x300>" '/var/folders/zk/y2fpkkgs703f34tst8cprkqsybr9tt/T/5fde9f99211c08b4e1a4c1303328261e20200530-90018-18wvrh4'
[paperclip] Trying to link /var/folders/zk/y2fpkkgs703f34tst8cprkqsybr9tt/T/5fde9f99211c08b4e1a4c1303328261e20200530-90018-18wvrh4 to /var/folders/zk/y2fpkkgs703f34tst8cprkqsybr9tt/T/43fe4218c8399bf742d3a5d67075e06620200530-90018-k0tpgh
Command :: identify -format '%wx%h,%[exif:orientation]' '/var/folders/zk/y2fpkkgs703f34tst8cprkqsybr9tt/T/dcf3171cf158b51c23929ab3097ef0b320200530-90018-1jqopnd.png[0]' 2>/dev/null
Command :: identify -format %m '/var/folders/zk/y2fpkkgs703f34tst8cprkqsybr9tt/T/dcf3171cf158b51c23929ab3097ef0b320200530-90018-1jqopnd.png[0]'
Command :: convert '/var/folders/zk/y2fpkkgs703f34tst8cprkqsybr9tt/T/dcf3171cf158b51c23929ab3097ef0b320200530-90018-1jqopnd.png[0]' -auto-orient -resize "100x100>" '/var/folders/zk/y2fpkkgs703f34tst8cprkqsybr9tt/T/5fde9f99211c08b4e1a4c1303328261e20200530-90018-lhn8za'
[paperclip] Trying to link /var/folders/zk/y2fpkkgs703f34tst8cprkqsybr9tt/T/5fde9f99211c08b4e1a4c1303328261e20200530-90018-lhn8za to /var/folders/zk/y2fpkkgs703f34tst8cprkqsybr9tt/T/fcbc82bf71f1662792844b7c9ceb2f7f20200530-90018-6nowfo
  [1m[35m (0.4ms)[0m  [1m[36mbegin transaction[0m
  ↳ app/controllers/images_controller.rb:21
[paperclip] Trying to link /var/folders/zk/y2fpkkgs703f34tst8cprkqsybr9tt/T/dcf3171cf158b51c23929ab3097ef0b320200530-90018-1jqopnd.png to /var/folders/zk/y2fpkkgs703f34tst8cprkqsybr9tt/T/73eaca9619ec9d64bccda5bffe81e6ff20200530-90018-1m92xv9.png
Command :: file -b --mime '/var/folders/zk/y2fpkkgs703f34tst8cprkqsybr9tt/T/73eaca9619ec9d64bccda5bffe81e6ff20200530-90018-1m92xv9.png'
  [1m[36mImage Create (4.4ms)[0m  [1m[32mINSERT INTO "images" ("gallery_id", "avatar_file_name", "avatar_content_type", "avatar_file_size", "avatar_updated_at") VALUES (?, ?, ?, ?, ?)[0m  [["gallery_id", 1], ["avatar_file_name", "Screen_Shot_2020-05-20_at_2.57.06_PM.png"], ["avatar_content_type", "image/png"], ["avatar_file_size", 297181], ["avatar_updated_at", "2020-05-30 08:37:41.059000"]]
  ↳ app/controllers/images_controller.rb:21
  [1m[35m (1.4ms)[0m  [1m[36mcommit transaction[0m
  ↳ app/controllers/images_controller.rb:21
Completed 201 Created in 1680ms (Views: 1.9ms | ActiveRecord: 29.7ms)


Started POST "/images" for ::1 at 2020-05-30 14:08:48 +0530
Processing by ImagesController#create as */*
  Parameters: {"avatars"=>{"0"=>#<ActionDispatch::Http::UploadedFile:0x00007f8bedb71f30 @tempfile=#<Tempfile:/var/folders/zk/y2fpkkgs703f34tst8cprkqsybr9tt/T/RackMultipart20200530-90018-14am3.jpeg>, @original_filename="MyTestImage.jpeg", @content_type="image/jpeg", @headers="Content-Disposition: form-data; name=\"avatars[0]\"; filename=\"MyTestImage.jpeg\"\r\nContent-Type: image/jpeg\r\n">, "1"=>#<ActionDispatch::Http::UploadedFile:0x00007f8bedbe36d0 @tempfile=#<Tempfile:/var/folders/zk/y2fpkkgs703f34tst8cprkqsybr9tt/T/RackMultipart20200530-90018-1al1nfe.png>, @original_filename="Screen Shot 2020-05-20 at 2.57.06 PM.png", @content_type="image/png", @headers="Content-Disposition: form-data; name=\"avatars[1]\"; filename=\"Screen Shot 2020-05-20 at 2.57.06 PM.png\"\r\nContent-Type: image/png\r\n">}}
  [1m[36mGallery Load (4.6ms)[0m  [1m[34mSELECT  "galleries".* FROM "galleries" WHERE "galleries"."name" = ? LIMIT ?[0m  [["name", "My gallery"], ["LIMIT", 1]]
  ↳ app/controllers/images_controller.rb:18
[paperclip] Trying to link /var/folders/zk/y2fpkkgs703f34tst8cprkqsybr9tt/T/RackMultipart20200530-90018-14am3.jpeg to /var/folders/zk/y2fpkkgs703f34tst8cprkqsybr9tt/T/7f988dca3bfe51bf58c58c2bd11c96d720200530-90018-1h4eqss.jpeg
[paperclip] Trying to link /var/folders/zk/y2fpkkgs703f34tst8cprkqsybr9tt/T/7f988dca3bfe51bf58c58c2bd11c96d720200530-90018-1h4eqss.jpeg to /var/folders/zk/y2fpkkgs703f34tst8cprkqsybr9tt/T/7f988dca3bfe51bf58c58c2bd11c96d720200530-90018-bwa85j.jpeg
Command :: file -b --mime '/var/folders/zk/y2fpkkgs703f34tst8cprkqsybr9tt/T/7f988dca3bfe51bf58c58c2bd11c96d720200530-90018-bwa85j.jpeg'
Command :: identify -format '%wx%h,%[exif:orientation]' '/var/folders/zk/y2fpkkgs703f34tst8cprkqsybr9tt/T/7f988dca3bfe51bf58c58c2bd11c96d720200530-90018-1h4eqss.jpeg[0]' 2>/dev/null
Command :: identify -format %m '/var/folders/zk/y2fpkkgs703f34tst8cprkqsybr9tt/T/7f988dca3bfe51bf58c58c2bd11c96d720200530-90018-1h4eqss.jpeg[0]'
Command :: convert '/var/folders/zk/y2fpkkgs703f34tst8cprkqsybr9tt/T/7f988dca3bfe51bf58c58c2bd11c96d720200530-90018-1h4eqss.jpeg[0]' -auto-orient -resize "300x300>" '/var/folders/zk/y2fpkkgs703f34tst8cprkqsybr9tt/T/f0287239fa913af79ff81e260daf1ff020200530-90018-7ktebj'
[paperclip] Trying to link /var/folders/zk/y2fpkkgs703f34tst8cprkqsybr9tt/T/f0287239fa913af79ff81e260daf1ff020200530-90018-7ktebj to /var/folders/zk/y2fpkkgs703f34tst8cprkqsybr9tt/T/40b1c2085cd5f834ed7640e84ac2cfef20200530-90018-zxbwo
Command :: identify -format '%wx%h,%[exif:orientation]' '/var/folders/zk/y2fpkkgs703f34tst8cprkqsybr9tt/T/7f988dca3bfe51bf58c58c2bd11c96d720200530-90018-1h4eqss.jpeg[0]' 2>/dev/null
Command :: identify -format %m '/var/folders/zk/y2fpkkgs703f34tst8cprkqsybr9tt/T/7f988dca3bfe51bf58c58c2bd11c96d720200530-90018-1h4eqss.jpeg[0]'
Command :: convert '/var/folders/zk/y2fpkkgs703f34tst8cprkqsybr9tt/T/7f988dca3bfe51bf58c58c2bd11c96d720200530-90018-1h4eqss.jpeg[0]' -auto-orient -resize "100x100>" '/var/folders/zk/y2fpkkgs703f34tst8cprkqsybr9tt/T/f0287239fa913af79ff81e260daf1ff020200530-90018-mgr6sa'
[paperclip] Trying to link /var/folders/zk/y2fpkkgs703f34tst8cprkqsybr9tt/T/f0287239fa913af79ff81e260daf1ff020200530-90018-mgr6sa to /var/folders/zk/y2fpkkgs703f34tst8cprkqsybr9tt/T/c1a19116a6466a9cc2663006b249edd620200530-90018-9j81r6
  [1m[35m (0.6ms)[0m  [1m[36mbegin transaction[0m
  ↳ app/controllers/images_controller.rb:21
[paperclip] Trying to link /var/folders/zk/y2fpkkgs703f34tst8cprkqsybr9tt/T/7f988dca3bfe51bf58c58c2bd11c96d720200530-90018-1h4eqss.jpeg to /var/folders/zk/y2fpkkgs703f34tst8cprkqsybr9tt/T/7f988dca3bfe51bf58c58c2bd11c96d720200530-90018-12nbpxe.jpeg
Command :: file -b --mime '/var/folders/zk/y2fpkkgs703f34tst8cprkqsybr9tt/T/7f988dca3bfe51bf58c58c2bd11c96d720200530-90018-12nbpxe.jpeg'
  [1m[36mImage Create (2.2ms)[0m  [1m[32mINSERT INTO "images" ("gallery_id", "avatar_file_name", "avatar_content_type", "avatar_file_size", "avatar_updated_at") VALUES (?, ?, ?, ?, ?)[0m  [["gallery_id", 1], ["avatar_file_name", "MyTestImage.jpeg"], ["avatar_content_type", "image/jpeg"], ["avatar_file_size", 27810], ["avatar_updated_at", "2020-05-30 08:38:48.942837"]]
  ↳ app/controllers/images_controller.rb:21
  [1m[35m (1.2ms)[0m  [1m[36mcommit transaction[0m
  ↳ app/controllers/images_controller.rb:21
[paperclip] Trying to link /var/folders/zk/y2fpkkgs703f34tst8cprkqsybr9tt/T/RackMultipart20200530-90018-1al1nfe.png to /var/folders/zk/y2fpkkgs703f34tst8cprkqsybr9tt/T/dcf3171cf158b51c23929ab3097ef0b320200530-90018-1ktfuue.png
[paperclip] Trying to link /var/folders/zk/y2fpkkgs703f34tst8cprkqsybr9tt/T/dcf3171cf158b51c23929ab3097ef0b320200530-90018-1ktfuue.png to /var/folders/zk/y2fpkkgs703f34tst8cprkqsybr9tt/T/73eaca9619ec9d64bccda5bffe81e6ff20200530-90018-rkxwe7.png
Command :: file -b --mime '/var/folders/zk/y2fpkkgs703f34tst8cprkqsybr9tt/T/73eaca9619ec9d64bccda5bffe81e6ff20200530-90018-rkxwe7.png'
Command :: identify -format '%wx%h,%[exif:orientation]' '/var/folders/zk/y2fpkkgs703f34tst8cprkqsybr9tt/T/dcf3171cf158b51c23929ab3097ef0b320200530-90018-1ktfuue.png[0]' 2>/dev/null
Command :: identify -format %m '/var/folders/zk/y2fpkkgs703f34tst8cprkqsybr9tt/T/dcf3171cf158b51c23929ab3097ef0b320200530-90018-1ktfuue.png[0]'
Command :: convert '/var/folders/zk/y2fpkkgs703f34tst8cprkqsybr9tt/T/dcf3171cf158b51c23929ab3097ef0b320200530-90018-1ktfuue.png[0]' -auto-orient -resize "300x300>" '/var/folders/zk/y2fpkkgs703f34tst8cprkqsybr9tt/T/2e5dd02af68c2ccff7eec3294993984320200530-90018-oso8yu'
[paperclip] Trying to link /var/folders/zk/y2fpkkgs703f34tst8cprkqsybr9tt/T/2e5dd02af68c2ccff7eec3294993984320200530-90018-oso8yu to /var/folders/zk/y2fpkkgs703f34tst8cprkqsybr9tt/T/5f81de8fcf69d4057d3b1ac432a4f7df20200530-90018-dzt2b
Command :: identify -format '%wx%h,%[exif:orientation]' '/var/folders/zk/y2fpkkgs703f34tst8cprkqsybr9tt/T/dcf3171cf158b51c23929ab3097ef0b320200530-90018-1ktfuue.png[0]' 2>/dev/null
Command :: identify -format %m '/var/folders/zk/y2fpkkgs703f34tst8cprkqsybr9tt/T/dcf3171cf158b51c23929ab3097ef0b320200530-90018-1ktfuue.png[0]'
Command :: convert '/var/folders/zk/y2fpkkgs703f34tst8cprkqsybr9tt/T/dcf3171cf158b51c23929ab3097ef0b320200530-90018-1ktfuue.png[0]' -auto-orient -resize "100x100>" '/var/folders/zk/y2fpkkgs703f34tst8cprkqsybr9tt/T/2e5dd02af68c2ccff7eec3294993984320200530-90018-1gkj2mp'
[paperclip] Trying to link /var/folders/zk/y2fpkkgs703f34tst8cprkqsybr9tt/T/2e5dd02af68c2ccff7eec3294993984320200530-90018-1gkj2mp to /var/folders/zk/y2fpkkgs703f34tst8cprkqsybr9tt/T/a1ae5e2d7bdb56dac8d2392c520473e720200530-90018-2e11kn
  [1m[35m (0.5ms)[0m  [1m[36mbegin transaction[0m
  ↳ app/controllers/images_controller.rb:21
[paperclip] Trying to link /var/folders/zk/y2fpkkgs703f34tst8cprkqsybr9tt/T/dcf3171cf158b51c23929ab3097ef0b320200530-90018-1ktfuue.png to /var/folders/zk/y2fpkkgs703f34tst8cprkqsybr9tt/T/73eaca9619ec9d64bccda5bffe81e6ff20200530-90018-1rrbhzq.png
Command :: file -b --mime '/var/folders/zk/y2fpkkgs703f34tst8cprkqsybr9tt/T/73eaca9619ec9d64bccda5bffe81e6ff20200530-90018-1rrbhzq.png'
  [1m[36mImage Create (1.7ms)[0m  [1m[32mINSERT INTO "images" ("gallery_id", "avatar_file_name", "avatar_content_type", "avatar_file_size", "avatar_updated_at") VALUES (?, ?, ?, ?, ?)[0m  [["gallery_id", 1], ["avatar_file_name", "Screen_Shot_2020-05-20_at_2.57.06_PM.png"], ["avatar_content_type", "image/png"], ["avatar_file_size", 297181], ["avatar_updated_at", "2020-05-30 08:38:49.314956"]]
  ↳ app/controllers/images_controller.rb:21
  [1m[35m (4.5ms)[0m  [1m[36mcommit transaction[0m
  ↳ app/controllers/images_controller.rb:21
  [1m[36mImage Load (4.3ms)[0m  [1m[34mSELECT "images".* FROM "images" WHERE "images"."gallery_id" = ?[0m  [["gallery_id", 1]]
  ↳ app/controllers/images_controller.rb:23
Completed 201 Created in 1719ms (Views: 82.8ms | ActiveRecord: 39.6ms)


Started GET "/images" for ::1 at 2020-05-30 14:11:26 +0530
Processing by ImagesController#index as */*
  Parameters: {"avatars"=>{"0"=>#<ActionDispatch::Http::UploadedFile:0x00007f8bedceb410 @tempfile=#<Tempfile:/var/folders/zk/y2fpkkgs703f34tst8cprkqsybr9tt/T/RackMultipart20200530-90018-1hsoxm7.jpeg>, @original_filename="MyTestImage.jpeg", @content_type="image/jpeg", @headers="Content-Disposition: form-data; name=\"avatars[0]\"; filename=\"MyTestImage.jpeg\"\r\nContent-Type: image/jpeg\r\n">, "1"=>#<ActionDispatch::Http::UploadedFile:0x00007f8bedd08e98 @tempfile=#<Tempfile:/var/folders/zk/y2fpkkgs703f34tst8cprkqsybr9tt/T/RackMultipart20200530-90018-mv3ny8.png>, @original_filename="Screen Shot 2020-05-20 at 2.57.06 PM.png", @content_type="image/png", @headers="Content-Disposition: form-data; name=\"avatars[1]\"; filename=\"Screen Shot 2020-05-20 at 2.57.06 PM.png\"\r\nContent-Type: image/png\r\n">}}
Completed 500 Internal Server Error in 103ms (ActiveRecord: 0.0ms)


  
NoMethodError (undefined method `images' for nil:NilClass):
  
app/controllers/images_controller.rb:6:in `index'
Started GET "/images" for ::1 at 2020-05-30 14:11:44 +0530
Processing by ImagesController#index as */*
  Parameters: {"avatars"=>{"0"=>#<ActionDispatch::Http::UploadedFile:0x00007f8bec9cd978 @tempfile=#<Tempfile:/var/folders/zk/y2fpkkgs703f34tst8cprkqsybr9tt/T/RackMultipart20200530-90018-7xmnl9.jpeg>, @original_filename="MyTestImage.jpeg", @content_type="image/jpeg", @headers="Content-Disposition: form-data; name=\"avatars[0]\"; filename=\"MyTestImage.jpeg\"\r\nContent-Type: image/jpeg\r\n">, "1"=>#<ActionDispatch::Http::UploadedFile:0x00007f8beadc8a48 @tempfile=#<Tempfile:/var/folders/zk/y2fpkkgs703f34tst8cprkqsybr9tt/T/RackMultipart20200530-90018-1yxt8h8.png>, @original_filename="Screen Shot 2020-05-20 at 2.57.06 PM.png", @content_type="image/png", @headers="Content-Disposition: form-data; name=\"avatars[1]\"; filename=\"Screen Shot 2020-05-20 at 2.57.06 PM.png\"\r\nContent-Type: image/png\r\n">}}
  [1m[36mGallery Load (1.1ms)[0m  [1m[34mSELECT  "galleries".* FROM "galleries" WHERE "galleries"."name" = ? LIMIT ?[0m  [["name", "My gallery"], ["LIMIT", 1]]
  ↳ app/controllers/images_controller.rb:27
  [1m[36mImage Load (1.2ms)[0m  [1m[34mSELECT "images".* FROM "images" WHERE "images"."gallery_id" = ?[0m  [["gallery_id", 1]]
  ↳ app/controllers/images_controller.rb:8
Completed 200 OK in 329ms (Views: 160.1ms | ActiveRecord: 17.8ms)


Started GET "/images" for ::1 at 2020-05-30 14:13:51 +0530
Processing by ImagesController#index as */*
  Parameters: {"avatars"=>{"0"=>#<ActionDispatch::Http::UploadedFile:0x00007f8bedc9f7e0 @tempfile=#<Tempfile:/var/folders/zk/y2fpkkgs703f34tst8cprkqsybr9tt/T/RackMultipart20200530-90018-j3b5bd.jpeg>, @original_filename="MyTestImage.jpeg", @content_type="image/jpeg", @headers="Content-Disposition: form-data; name=\"avatars[0]\"; filename=\"MyTestImage.jpeg\"\r\nContent-Type: image/jpeg\r\n">, "1"=>#<ActionDispatch::Http::UploadedFile:0x00007f8bec973e28 @tempfile=#<Tempfile:/var/folders/zk/y2fpkkgs703f34tst8cprkqsybr9tt/T/RackMultipart20200530-90018-m5rprm.png>, @original_filename="Screen Shot 2020-05-20 at 2.57.06 PM.png", @content_type="image/png", @headers="Content-Disposition: form-data; name=\"avatars[1]\"; filename=\"Screen Shot 2020-05-20 at 2.57.06 PM.png\"\r\nContent-Type: image/png\r\n">}}
  [1m[36mGallery Load (4.5ms)[0m  [1m[34mSELECT  "galleries".* FROM "galleries" WHERE "galleries"."name" = ? LIMIT ?[0m  [["name", "My gallery"], ["LIMIT", 1]]
  ↳ app/controllers/images_controller.rb:28
Completed 500 Internal Server Error in 132ms (ActiveRecord: 13.1ms)


  
SystemExit (exit):
  
(byebug):1:in `exit'
(byebug):1:in `index'
app/controllers/images_controller.rb:7:in `index'
Started GET "/images" for ::1 at 2020-05-30 14:14:19 +0530
  [1m[35m (0.5ms)[0m  [1m[34mSELECT "schema_migrations"."version" FROM "schema_migrations" ORDER BY "schema_migrations"."version" ASC[0m
  ↳ /Users/asukale/.rbenv/versions/2.6.3/lib/ruby/gems/2.6.0/gems/activerecord-5.2.4.3/lib/active_record/log_subscriber.rb:98
Processing by ImagesController#index as */*
  Parameters: {"avatars"=>{"0"=>#<ActionDispatch::Http::UploadedFile:0x00007fd0387a1948 @tempfile=#<Tempfile:/var/folders/zk/y2fpkkgs703f34tst8cprkqsybr9tt/T/RackMultipart20200530-96728-1hkewpg.jpeg>, @original_filename="MyTestImage.jpeg", @content_type="image/jpeg", @headers="Content-Disposition: form-data; name=\"avatars[0]\"; filename=\"MyTestImage.jpeg\"\r\nContent-Type: image/jpeg\r\n">, "1"=>#<ActionDispatch::Http::UploadedFile:0x00007fd0387a18d0 @tempfile=#<Tempfile:/var/folders/zk/y2fpkkgs703f34tst8cprkqsybr9tt/T/RackMultipart20200530-96728-z8mu8c.png>, @original_filename="Screen Shot 2020-05-20 at 2.57.06 PM.png", @content_type="image/png", @headers="Content-Disposition: form-data; name=\"avatars[1]\"; filename=\"Screen Shot 2020-05-20 at 2.57.06 PM.png\"\r\nContent-Type: image/png\r\n">}}
  [1m[36mGallery Load (0.1ms)[0m  [1m[34mSELECT  "galleries".* FROM "galleries" WHERE "galleries"."name" = ? LIMIT ?[0m  [["name", "My gallery"], ["LIMIT", 1]]
  ↳ app/controllers/images_controller.rb:28
  [1m[36mImage Load (0.1ms)[0m  [1m[34mSELECT  "images".* FROM "images" WHERE "images"."gallery_id" = ? ORDER BY "images"."id" ASC LIMIT ?[0m  [["gallery_id", 1], ["LIMIT", 1]]
  ↳ (byebug):1
  [1m[36mCACHE Image Load (0.0ms)[0m  [1m[34mSELECT  "images".* FROM "images" WHERE "images"."gallery_id" = ? ORDER BY "images"."id" ASC LIMIT ?[0m  [["gallery_id", 1], ["LIMIT", 1]]
  ↳ (byebug):1
  [1m[36mCACHE Image Load (0.0ms)[0m  [1m[34mSELECT  "images".* FROM "images" WHERE "images"."gallery_id" = ? ORDER BY "images"."id" ASC LIMIT ?[0m  [["gallery_id", 1], ["LIMIT", 1]]
  ↳ (byebug):1
  [1m[36mCACHE Image Load (0.0ms)[0m  [1m[34mSELECT  "images".* FROM "images" WHERE "images"."gallery_id" = ? ORDER BY "images"."id" ASC LIMIT ?[0m  [["gallery_id", 1], ["LIMIT", 1]]
  ↳ (byebug):1
  [1m[36mCACHE Image Load (0.0ms)[0m  [1m[34mSELECT  "images".* FROM "images" WHERE "images"."gallery_id" = ? ORDER BY "images"."id" ASC LIMIT ?[0m  [["gallery_id", 1], ["LIMIT", 1]]
  ↳ (byebug):1
Completed 500 Internal Server Error in 210420ms (ActiveRecord: 1.3ms)


  
SystemExit (exit):
  
(byebug):1:in `exit'
(byebug):1:in `index'
app/controllers/images_controller.rb:7:in `index'
Started GET "/images" for ::1 at 2020-05-30 14:25:28 +0530
  [1m[35m (0.1ms)[0m  [1m[34mSELECT "schema_migrations"."version" FROM "schema_migrations" ORDER BY "schema_migrations"."version" ASC[0m
  ↳ /Users/asukale/.rbenv/versions/2.6.3/lib/ruby/gems/2.6.0/gems/activerecord-5.2.4.3/lib/active_record/log_subscriber.rb:98
Processing by ImagesController#index as */*
  Parameters: {"avatars"=>{"0"=>#<ActionDispatch::Http::UploadedFile:0x00007f875b60a8a8 @tempfile=#<Tempfile:/var/folders/zk/y2fpkkgs703f34tst8cprkqsybr9tt/T/RackMultipart20200530-97321-5l41td.jpeg>, @original_filename="MyTestImage.jpeg", @content_type="image/jpeg", @headers="Content-Disposition: form-data; name=\"avatars[0]\"; filename=\"MyTestImage.jpeg\"\r\nContent-Type: image/jpeg\r\n">, "1"=>#<ActionDispatch::Http::UploadedFile:0x00007f875b60a830 @tempfile=#<Tempfile:/var/folders/zk/y2fpkkgs703f34tst8cprkqsybr9tt/T/RackMultipart20200530-97321-149kac8.png>, @original_filename="Screen Shot 2020-05-20 at 2.57.06 PM.png", @content_type="image/png", @headers="Content-Disposition: form-data; name=\"avatars[1]\"; filename=\"Screen Shot 2020-05-20 at 2.57.06 PM.png\"\r\nContent-Type: image/png\r\n">}}
  [1m[36mGallery Load (0.1ms)[0m  [1m[34mSELECT  "galleries".* FROM "galleries" WHERE "galleries"."name" = ? LIMIT ?[0m  [["name", "My gallery"], ["LIMIT", 1]]
  ↳ app/controllers/images_controller.rb:28
  [1m[36mImage Load (0.2ms)[0m  [1m[34mSELECT  "images".* FROM "images" WHERE "images"."gallery_id" = ? ORDER BY "images"."id" ASC LIMIT ?[0m  [["gallery_id", 1], ["LIMIT", 1]]
  ↳ (byebug):1
Completed 500 Internal Server Error in 21240ms (ActiveRecord: 1.2ms)


  
SystemExit (exit):
  
(byebug):1:in `exit'
(byebug):1:in `index'
app/controllers/images_controller.rb:7:in `index'
Started GET "/images" for ::1 at 2020-05-30 14:26:09 +0530
  [1m[35m (0.1ms)[0m  [1m[34mSELECT "schema_migrations"."version" FROM "schema_migrations" ORDER BY "schema_migrations"."version" ASC[0m
  ↳ /Users/asukale/.rbenv/versions/2.6.3/lib/ruby/gems/2.6.0/gems/activerecord-5.2.4.3/lib/active_record/log_subscriber.rb:98
Processing by ImagesController#index as */*
  Parameters: {"avatars"=>{"0"=>#<ActionDispatch::Http::UploadedFile:0x00007fd8e5ba7c30 @tempfile=#<Tempfile:/var/folders/zk/y2fpkkgs703f34tst8cprkqsybr9tt/T/RackMultipart20200530-98882-1iyjlrh.jpeg>, @original_filename="MyTestImage.jpeg", @content_type="image/jpeg", @headers="Content-Disposition: form-data; name=\"avatars[0]\"; filename=\"MyTestImage.jpeg\"\r\nContent-Type: image/jpeg\r\n">, "1"=>#<ActionDispatch::Http::UploadedFile:0x00007fd8e5ba7bb8 @tempfile=#<Tempfile:/var/folders/zk/y2fpkkgs703f34tst8cprkqsybr9tt/T/RackMultipart20200530-98882-1q1sndn.png>, @original_filename="Screen Shot 2020-05-20 at 2.57.06 PM.png", @content_type="image/png", @headers="Content-Disposition: form-data; name=\"avatars[1]\"; filename=\"Screen Shot 2020-05-20 at 2.57.06 PM.png\"\r\nContent-Type: image/png\r\n">}}
  [1m[36mGallery Load (0.1ms)[0m  [1m[34mSELECT  "galleries".* FROM "galleries" WHERE "galleries"."name" = ? LIMIT ?[0m  [["name", "My gallery"], ["LIMIT", 1]]
  ↳ app/controllers/images_controller.rb:28
  [1m[36mImage Load (0.1ms)[0m  [1m[34mSELECT "images".* FROM "images" WHERE "images"."gallery_id" = ?[0m  [["gallery_id", 1]]
  ↳ app/controllers/images_controller.rb:9
Completed 200 OK in 21ms (Views: 8.1ms | ActiveRecord: 1.2ms)


Started GET "/images" for ::1 at 2020-05-30 14:27:16 +0530
Processing by ImagesController#index as */*
  Parameters: {"avatars"=>{"0"=>#<ActionDispatch::Http::UploadedFile:0x00007fd8e4bd4998 @tempfile=#<Tempfile:/var/folders/zk/y2fpkkgs703f34tst8cprkqsybr9tt/T/RackMultipart20200530-98882-1acurs3.jpeg>, @original_filename="MyTestImage.jpeg", @content_type="image/jpeg", @headers="Content-Disposition: form-data; name=\"avatars[0]\"; filename=\"MyTestImage.jpeg\"\r\nContent-Type: image/jpeg\r\n">, "1"=>#<ActionDispatch::Http::UploadedFile:0x00007fd8e4bd4920 @tempfile=#<Tempfile:/var/folders/zk/y2fpkkgs703f34tst8cprkqsybr9tt/T/RackMultipart20200530-98882-11vzoc1.png>, @original_filename="Screen Shot 2020-05-20 at 2.57.06 PM.png", @content_type="image/png", @headers="Content-Disposition: form-data; name=\"avatars[1]\"; filename=\"Screen Shot 2020-05-20 at 2.57.06 PM.png\"\r\nContent-Type: image/png\r\n">}}
  [1m[36mGallery Load (0.1ms)[0m  [1m[34mSELECT  "galleries".* FROM "galleries" WHERE "galleries"."name" = ? LIMIT ?[0m  [["name", "My gallery"], ["LIMIT", 1]]
  ↳ app/controllers/images_controller.rb:28
  [1m[36mImage Load (0.1ms)[0m  [1m[34mSELECT "images".* FROM "images" WHERE "images"."gallery_id" = ?[0m  [["gallery_id", 1]]
  ↳ app/controllers/images_controller.rb:9
Completed 500 Internal Server Error in 20ms (ActiveRecord: 1.1ms)


  
NoMethodError (undefined method `model_url' for #<Image:0x00007fd8e4c31a80>
Did you mean?  model_name):
  
app/controllers/images_controller.rb:9:in `index'
Started GET "/images" for ::1 at 2020-05-30 14:29:44 +0530
Processing by ImagesController#index as */*
  Parameters: {"avatars"=>{"0"=>#<ActionDispatch::Http::UploadedFile:0x00007fd8e5a43ce0 @tempfile=#<Tempfile:/var/folders/zk/y2fpkkgs703f34tst8cprkqsybr9tt/T/RackMultipart20200530-98882-5geekw.jpeg>, @original_filename="MyTestImage.jpeg", @content_type="image/jpeg", @headers="Content-Disposition: form-data; name=\"avatars[0]\"; filename=\"MyTestImage.jpeg\"\r\nContent-Type: image/jpeg\r\n">, "1"=>#<ActionDispatch::Http::UploadedFile:0x00007fd8e5a43b78 @tempfile=#<Tempfile:/var/folders/zk/y2fpkkgs703f34tst8cprkqsybr9tt/T/RackMultipart20200530-98882-14aoex3.png>, @original_filename="Screen Shot 2020-05-20 at 2.57.06 PM.png", @content_type="image/png", @headers="Content-Disposition: form-data; name=\"avatars[1]\"; filename=\"Screen Shot 2020-05-20 at 2.57.06 PM.png\"\r\nContent-Type: image/png\r\n">}}
  [1m[36mGallery Load (0.1ms)[0m  [1m[34mSELECT  "galleries".* FROM "galleries" WHERE "galleries"."name" = ? LIMIT ?[0m  [["name", "My gallery"], ["LIMIT", 1]]
  ↳ app/controllers/images_controller.rb:28
  [1m[36mImage Load (0.3ms)[0m  [1m[34mSELECT "images".* FROM "images" WHERE "images"."gallery_id" = ?[0m  [["gallery_id", 1]]
  ↳ (byebug):1
Completed 500 Internal Server Error in 95264ms (ActiveRecord: 1.8ms)


  
SystemExit (exit):
  
(byebug):1:in `exit'
(byebug):1:in `index'
app/controllers/images_controller.rb:9:in `index'
Started GET "/images" for ::1 at 2020-05-30 14:31:48 +0530
Processing by ImagesController#index as */*
  Parameters: {"avatars"=>{"0"=>#<ActionDispatch::Http::UploadedFile:0x00007fd8e52ab3c0 @tempfile=#<Tempfile:/var/folders/zk/y2fpkkgs703f34tst8cprkqsybr9tt/T/RackMultipart20200530-98882-1pfczkh.jpeg>, @original_filename="MyTestImage.jpeg", @content_type="image/jpeg", @headers="Content-Disposition: form-data; name=\"avatars[0]\"; filename=\"MyTestImage.jpeg\"\r\nContent-Type: image/jpeg\r\n">, "1"=>#<ActionDispatch::Http::UploadedFile:0x00007fd8e52c0400 @tempfile=#<Tempfile:/var/folders/zk/y2fpkkgs703f34tst8cprkqsybr9tt/T/RackMultipart20200530-98882-1oq43l8.png>, @original_filename="Screen Shot 2020-05-20 at 2.57.06 PM.png", @content_type="image/png", @headers="Content-Disposition: form-data; name=\"avatars[1]\"; filename=\"Screen Shot 2020-05-20 at 2.57.06 PM.png\"\r\nContent-Type: image/png\r\n">}}
  [1m[36mGallery Load (1.1ms)[0m  [1m[34mSELECT  "galleries".* FROM "galleries" WHERE "galleries"."name" = ? LIMIT ?[0m  [["name", "My gallery"], ["LIMIT", 1]]
  ↳ app/controllers/images_controller.rb:29
  [1m[36mImage Load (4.2ms)[0m  [1m[34mSELECT "images".* FROM "images" WHERE "images"."gallery_id" = ?[0m  [["gallery_id", 1]]
  ↳ app/controllers/images_controller.rb:7
Completed 200 OK in 302ms (Views: 3.9ms | ActiveRecord: 24.2ms)


Started GET "/images" for ::1 at 2020-05-30 14:32:12 +0530
Processing by ImagesController#index as */*
  [1m[36mGallery Load (0.8ms)[0m  [1m[34mSELECT  "galleries".* FROM "galleries" WHERE "galleries"."name" = ? LIMIT ?[0m  [["name", "My gallery"], ["LIMIT", 1]]
  ↳ app/controllers/images_controller.rb:29
  [1m[36mImage Load (0.9ms)[0m  [1m[34mSELECT "images".* FROM "images" WHERE "images"."gallery_id" = ?[0m  [["gallery_id", 1]]
  ↳ app/controllers/images_controller.rb:7
Completed 200 OK in 95ms (Views: 1.1ms | ActiveRecord: 1.7ms)


Started POST "/images" for ::1 at 2020-05-30 14:35:58 +0530
Processing by ImagesController#create as */*
  [1m[36mGallery Load (1.4ms)[0m  [1m[34mSELECT  "galleries".* FROM "galleries" WHERE "galleries"."name" = ? LIMIT ?[0m  [["name", "My gallery"], ["LIMIT", 1]]
  ↳ app/controllers/images_controller.rb:27
  [1m[36mCACHE Gallery Load (0.3ms)[0m  [1m[34mSELECT  "galleries".* FROM "galleries" WHERE "galleries"."name" = ? LIMIT ?[0m  [["name", "My gallery"], ["LIMIT", 1]]
  ↳ app/controllers/images_controller.rb:13
Completed 500 Internal Server Error in 241ms (ActiveRecord: 13.8ms)


  
NoMethodError (undefined method `errors' for nil:NilClass):
  
app/controllers/images_controller.rb:20:in `create'
Started POST "/images" for ::1 at 2020-05-30 14:36:21 +0530
Processing by ImagesController#create as */*
  [1m[36mGallery Load (1.0ms)[0m  [1m[34mSELECT  "galleries".* FROM "galleries" WHERE "galleries"."name" = ? LIMIT ?[0m  [["name", "My gallery"], ["LIMIT", 1]]
  ↳ app/controllers/images_controller.rb:27
  [1m[36mCACHE Gallery Load (0.2ms)[0m  [1m[34mSELECT  "galleries".* FROM "galleries" WHERE "galleries"."name" = ? LIMIT ?[0m  [["name", "My gallery"], ["LIMIT", 1]]
  ↳ app/controllers/images_controller.rb:13
Completed 422 Unprocessable Entity in 140ms (Views: 1.1ms | ActiveRecord: 10.4ms)


Started POST "/images" for ::1 at 2020-05-30 14:36:48 +0530
Processing by ImagesController#create as */*
  [1m[36mGallery Load (1.2ms)[0m  [1m[34mSELECT  "galleries".* FROM "galleries" WHERE "galleries"."name" = ? LIMIT ?[0m  [["name", "My gallery"], ["LIMIT", 1]]
  ↳ app/controllers/images_controller.rb:27
  [1m[36mCACHE Gallery Load (0.2ms)[0m  [1m[34mSELECT  "galleries".* FROM "galleries" WHERE "galleries"."name" = ? LIMIT ?[0m  [["name", "My gallery"], ["LIMIT", 1]]
  ↳ app/controllers/images_controller.rb:13
Completed 422 Unprocessable Entity in 145ms (Views: 4.9ms | ActiveRecord: 9.8ms)


Started POST "/images" for ::1 at 2020-05-30 14:37:22 +0530
Processing by ImagesController#create as */*
  [1m[36mGallery Load (1.0ms)[0m  [1m[34mSELECT  "galleries".* FROM "galleries" WHERE "galleries"."name" = ? LIMIT ?[0m  [["name", "My gallery"], ["LIMIT", 1]]
  ↳ app/controllers/images_controller.rb:27
  [1m[36mCACHE Gallery Load (0.2ms)[0m  [1m[34mSELECT  "galleries".* FROM "galleries" WHERE "galleries"."name" = ? LIMIT ?[0m  [["name", "My gallery"], ["LIMIT", 1]]
  ↳ app/controllers/images_controller.rb:13
Completed 422 Unprocessable Entity in 164ms (Views: 1.4ms | ActiveRecord: 5.8ms)


